08-11-2021 14:54:00.889 [restartedMain] INFO  c.h.m.l.LearnSpringApplication.logStarting - Starting LearnSpringApplication using Java 15.0.2 on HungLe with PID 3176 (D:\Mobifone\Microservice\Project\server0\target\classes started by hung2 in D:\Mobifone\Microservice\Project\server0)
08-11-2021 14:54:00.904 [restartedMain] INFO  c.h.m.l.LearnSpringApplication.logStartupProfileInfo - No active profile set, falling back to default profiles: default
08-11-2021 14:54:01.004 [restartedMain] INFO  o.s.b.d.e.DevToolsPropertyDefaultsPostProcessor.logTo - Devtools property defaults active! Set 'spring.devtools.add-properties' to 'false' to disable
08-11-2021 14:54:01.004 [restartedMain] INFO  o.s.b.d.e.DevToolsPropertyDefaultsPostProcessor.logTo - For additional web related logging consider setting the 'logging.level.web' property to 'DEBUG'
08-11-2021 14:54:02.763 [restartedMain] INFO  o.s.d.r.c.RepositoryConfigurationDelegate.registerRepositoriesIn - Bootstrapping Spring Data JPA repositories in DEFAULT mode.
08-11-2021 14:54:02.955 [restartedMain] INFO  o.s.d.r.c.RepositoryConfigurationDelegate.registerRepositoriesIn - Finished Spring Data repository scanning in 162 ms. Found 2 JPA repository interfaces.
08-11-2021 14:54:04.103 [restartedMain] INFO  o.s.b.w.e.tomcat.TomcatWebServer.initialize - Tomcat initialized with port(s): 1103 (http)
08-11-2021 14:54:04.110 [restartedMain] INFO  o.a.coyote.http11.Http11NioProtocol.log - Initializing ProtocolHandler ["http-nio-1103"]
08-11-2021 14:54:04.119 [restartedMain] INFO  o.a.catalina.core.StandardService.log - Starting service [Tomcat]
08-11-2021 14:54:04.120 [restartedMain] INFO  o.a.catalina.core.StandardEngine.log - Starting Servlet engine: [Apache Tomcat/9.0.53]
08-11-2021 14:54:04.251 [restartedMain] INFO  o.a.c.c.C.[Tomcat].[localhost].[/].log - Initializing Spring embedded WebApplicationContext
08-11-2021 14:54:04.251 [restartedMain] INFO  o.s.b.w.s.c.ServletWebServerApplicationContext.prepareWebApplicationContext - Root WebApplicationContext: initialization completed in 3247 ms
08-11-2021 14:54:04.284 [restartedMain] INFO  com.zaxxer.hikari.HikariDataSource.getConnection - HikariPool-1 - Starting...
08-11-2021 14:54:04.796 [restartedMain] INFO  com.zaxxer.hikari.HikariDataSource.getConnection - HikariPool-1 - Start completed.
08-11-2021 14:54:04.802 [restartedMain] INFO  o.s.b.a.h.H2ConsoleAutoConfiguration.lambda$h2Console$0 - H2 console available at '/h2-console'. Database available at 'jdbc:mysql://localhost:3306/projectdb'
08-11-2021 14:54:04.959 [restartedMain] INFO  o.h.jpa.internal.util.LogHelper.logPersistenceUnitInformation - HHH000204: Processing PersistenceUnitInfo [name: default]
08-11-2021 14:54:05.022 [restartedMain] INFO  org.hibernate.Version.logVersion - HHH000412: Hibernate ORM core version 5.4.32.Final
08-11-2021 14:54:05.179 [restartedMain] INFO  o.h.annotations.common.Version.<clinit> - HCANN000001: Hibernate Commons Annotations {5.1.2.Final}
08-11-2021 14:54:05.289 [restartedMain] INFO  org.hibernate.dialect.Dialect.<init> - HHH000400: Using dialect: org.hibernate.dialect.MySQL5Dialect
08-11-2021 14:54:05.796 [restartedMain] INFO  o.h.e.t.j.p.i.JtaPlatformInitiator.initiateService - HHH000490: Using JtaPlatform implementation: [org.hibernate.engine.transaction.jta.platform.internal.NoJtaPlatform]
08-11-2021 14:54:05.808 [restartedMain] INFO  o.s.o.j.LocalContainerEntityManagerFactoryBean.buildNativeEntityManagerFactory - Initialized JPA EntityManagerFactory for persistence unit 'default'
08-11-2021 14:54:05.842 [restartedMain] WARN  o.s.b.a.o.j.JpaBaseConfiguration$JpaWebConfiguration.openEntityManagerInViewInterceptor - spring.jpa.open-in-view is enabled by default. Therefore, database queries may be performed during view rendering. Explicitly configure spring.jpa.open-in-view to disable this warning
08-11-2021 14:54:06.344 [restartedMain] INFO  o.s.b.a.s.s.UserDetailsServiceAutoConfiguration.getOrDeducePassword - 

Using generated security password: a6fecdcb-43d6-43f5-9b99-2ff44ca84170

08-11-2021 14:54:06.407 [restartedMain] INFO  s.d.s.w.PropertySourcedRequestMappingHandlerMapping.initHandlerMethods - Mapped URL path [/v2/api-docs] onto method [springfox.documentation.swagger2.web.Swagger2Controller#getDocumentation(String, HttpServletRequest)]
08-11-2021 14:54:06.488 [restartedMain] INFO  o.s.s.web.DefaultSecurityFilterChain.<init> - Will secure any request with [org.springframework.security.web.context.request.async.WebAsyncManagerIntegrationFilter@2e8f1f71, org.springframework.security.web.context.SecurityContextPersistenceFilter@30963318, org.springframework.security.web.header.HeaderWriterFilter@7ca6fcfe, org.springframework.web.filter.CorsFilter@71a80752, org.springframework.security.web.authentication.logout.LogoutFilter@767e155d, org.springframework.security.web.savedrequest.RequestCacheAwareFilter@83ff14, org.springframework.security.web.servletapi.SecurityContextHolderAwareRequestFilter@7a346e27, org.springframework.security.web.authentication.AnonymousAuthenticationFilter@68b2b581, org.springframework.security.web.session.SessionManagementFilter@486ddb4c, org.springframework.security.web.access.ExceptionTranslationFilter@14545bc4]
08-11-2021 14:54:06.569 [restartedMain] INFO  o.s.b.d.a.OptionalLiveReloadServer.startServer - LiveReload server is running on port 35729
08-11-2021 14:54:06.693 [restartedMain] INFO  o.a.coyote.http11.Http11NioProtocol.log - Starting ProtocolHandler ["http-nio-1103"]
08-11-2021 14:54:06.725 [restartedMain] INFO  o.s.b.w.e.tomcat.TomcatWebServer.start - Tomcat started on port(s): 1103 (http) with context path ''
08-11-2021 14:54:06.735 [restartedMain] INFO  s.d.s.w.p.DocumentationPluginsBootstrapper.start - Context refreshed
08-11-2021 14:54:06.747 [restartedMain] INFO  s.d.s.w.p.DocumentationPluginsBootstrapper.start - Found 1 custom documentation plugin(s)
08-11-2021 14:54:06.772 [restartedMain] INFO  s.d.s.w.s.ApiListingReferenceScanner.scan - Scanning for api listing references
08-11-2021 14:54:06.944 [restartedMain] INFO  c.h.m.l.LearnSpringApplication.logStarted - Started LearnSpringApplication in 6.547 seconds (JVM running for 9.113)
08-11-2021 14:58:22.960 [http-nio-1103-exec-1] INFO  o.a.c.c.C.[Tomcat].[localhost].[/].log - Initializing Spring DispatcherServlet 'dispatcherServlet'
08-11-2021 14:58:22.963 [http-nio-1103-exec-1] INFO  o.s.web.servlet.DispatcherServlet.initServletBean - Initializing Servlet 'dispatcherServlet'
08-11-2021 14:58:22.985 [http-nio-1103-exec-1] INFO  o.s.web.servlet.DispatcherServlet.initServletBean - Completed initialization in 21 ms
08-11-2021 15:02:34.484 [SpringApplicationShutdownHook] INFO  o.s.o.j.LocalContainerEntityManagerFactoryBean.destroy - Closing JPA EntityManagerFactory for persistence unit 'default'
08-11-2021 15:02:34.514 [SpringApplicationShutdownHook] INFO  com.zaxxer.hikari.HikariDataSource.close - HikariPool-1 - Shutdown initiated...
08-11-2021 15:02:34.546 [SpringApplicationShutdownHook] INFO  com.zaxxer.hikari.HikariDataSource.close - HikariPool-1 - Shutdown completed.
08-11-2021 15:02:41.675 [restartedMain] INFO  c.h.m.l.LearnSpringApplication.logStarting - Starting LearnSpringApplication using Java 15.0.2 on HungLe with PID 2872 (D:\Mobifone\Microservice\Project\server0\target\classes started by hung2 in D:\Mobifone\Microservice\Project\server0)
08-11-2021 15:02:41.675 [restartedMain] INFO  c.h.m.l.LearnSpringApplication.logStartupProfileInfo - No active profile set, falling back to default profiles: default
08-11-2021 15:02:41.723 [restartedMain] INFO  o.s.b.d.e.DevToolsPropertyDefaultsPostProcessor.logTo - Devtools property defaults active! Set 'spring.devtools.add-properties' to 'false' to disable
08-11-2021 15:02:41.723 [restartedMain] INFO  o.s.b.d.e.DevToolsPropertyDefaultsPostProcessor.logTo - For additional web related logging consider setting the 'logging.level.web' property to 'DEBUG'
08-11-2021 15:02:42.545 [restartedMain] INFO  o.s.d.r.c.RepositoryConfigurationDelegate.registerRepositoriesIn - Bootstrapping Spring Data JPA repositories in DEFAULT mode.
08-11-2021 15:02:42.595 [restartedMain] INFO  o.s.d.r.c.RepositoryConfigurationDelegate.registerRepositoriesIn - Finished Spring Data repository scanning in 43 ms. Found 2 JPA repository interfaces.
08-11-2021 15:02:43.128 [restartedMain] INFO  o.s.b.w.e.tomcat.TomcatWebServer.initialize - Tomcat initialized with port(s): 1103 (http)
08-11-2021 15:02:43.134 [restartedMain] INFO  o.a.coyote.http11.Http11NioProtocol.log - Initializing ProtocolHandler ["http-nio-1103"]
08-11-2021 15:02:43.134 [restartedMain] INFO  o.a.catalina.core.StandardService.log - Starting service [Tomcat]
08-11-2021 15:02:43.142 [restartedMain] INFO  o.a.catalina.core.StandardEngine.log - Starting Servlet engine: [Apache Tomcat/9.0.53]
08-11-2021 15:02:43.222 [restartedMain] INFO  o.a.c.c.C.[Tomcat].[localhost].[/].log - Initializing Spring embedded WebApplicationContext
08-11-2021 15:02:43.222 [restartedMain] INFO  o.s.b.w.s.c.ServletWebServerApplicationContext.prepareWebApplicationContext - Root WebApplicationContext: initialization completed in 1496 ms
08-11-2021 15:02:43.253 [restartedMain] INFO  com.zaxxer.hikari.HikariDataSource.getConnection - HikariPool-1 - Starting...
08-11-2021 15:02:43.569 [restartedMain] INFO  com.zaxxer.hikari.HikariDataSource.getConnection - HikariPool-1 - Start completed.
08-11-2021 15:02:43.585 [restartedMain] INFO  o.s.b.a.h.H2ConsoleAutoConfiguration.lambda$h2Console$0 - H2 console available at '/h2-console'. Database available at 'jdbc:mysql://localhost:3306/projectdb'
08-11-2021 15:02:43.733 [restartedMain] INFO  o.h.jpa.internal.util.LogHelper.logPersistenceUnitInformation - HHH000204: Processing PersistenceUnitInfo [name: default]
08-11-2021 15:02:43.776 [restartedMain] INFO  org.hibernate.Version.logVersion - HHH000412: Hibernate ORM core version 5.4.32.Final
08-11-2021 15:02:43.934 [restartedMain] INFO  o.h.annotations.common.Version.<clinit> - HCANN000001: Hibernate Commons Annotations {5.1.2.Final}
08-11-2021 15:02:44.050 [restartedMain] INFO  org.hibernate.dialect.Dialect.<init> - HHH000400: Using dialect: org.hibernate.dialect.MySQL5Dialect
08-11-2021 15:02:44.463 [restartedMain] INFO  o.h.e.t.j.p.i.JtaPlatformInitiator.initiateService - HHH000490: Using JtaPlatform implementation: [org.hibernate.engine.transaction.jta.platform.internal.NoJtaPlatform]
08-11-2021 15:02:44.464 [restartedMain] INFO  o.s.o.j.LocalContainerEntityManagerFactoryBean.buildNativeEntityManagerFactory - Initialized JPA EntityManagerFactory for persistence unit 'default'
08-11-2021 15:02:44.509 [restartedMain] WARN  o.s.b.a.o.j.JpaBaseConfiguration$JpaWebConfiguration.openEntityManagerInViewInterceptor - spring.jpa.open-in-view is enabled by default. Therefore, database queries may be performed during view rendering. Explicitly configure spring.jpa.open-in-view to disable this warning
08-11-2021 15:02:44.966 [restartedMain] INFO  o.s.b.a.s.s.UserDetailsServiceAutoConfiguration.getOrDeducePassword - 

Using generated security password: d1bd027c-14c0-4e18-b7ea-e3d503d5bcb8

08-11-2021 15:02:45.044 [restartedMain] INFO  s.d.s.w.PropertySourcedRequestMappingHandlerMapping.initHandlerMethods - Mapped URL path [/v2/api-docs] onto method [springfox.documentation.swagger2.web.Swagger2Controller#getDocumentation(String, HttpServletRequest)]
08-11-2021 15:02:45.108 [restartedMain] INFO  o.s.s.web.DefaultSecurityFilterChain.<init> - Will secure any request with [org.springframework.security.web.context.request.async.WebAsyncManagerIntegrationFilter@faa5c5e, org.springframework.security.web.context.SecurityContextPersistenceFilter@22b5db7d, org.springframework.security.web.header.HeaderWriterFilter@7396c74f, org.springframework.web.filter.CorsFilter@1fa34b81, org.springframework.security.web.authentication.logout.LogoutFilter@2262a556, org.springframework.security.web.savedrequest.RequestCacheAwareFilter@2c2990d0, org.springframework.security.web.servletapi.SecurityContextHolderAwareRequestFilter@7bb78e32, org.springframework.security.web.authentication.AnonymousAuthenticationFilter@382c9dda, org.springframework.security.web.session.SessionManagementFilter@38ac6491, org.springframework.security.web.access.ExceptionTranslationFilter@7d0e4599]
08-11-2021 15:02:45.202 [restartedMain] INFO  o.s.b.d.a.OptionalLiveReloadServer.startServer - LiveReload server is running on port 35729
08-11-2021 15:02:45.298 [restartedMain] INFO  o.a.coyote.http11.Http11NioProtocol.log - Starting ProtocolHandler ["http-nio-1103"]
08-11-2021 15:02:45.312 [restartedMain] INFO  o.s.b.w.e.tomcat.TomcatWebServer.start - Tomcat started on port(s): 1103 (http) with context path ''
08-11-2021 15:02:45.329 [restartedMain] INFO  s.d.s.w.p.DocumentationPluginsBootstrapper.start - Context refreshed
08-11-2021 15:02:45.343 [restartedMain] INFO  s.d.s.w.p.DocumentationPluginsBootstrapper.start - Found 1 custom documentation plugin(s)
08-11-2021 15:02:45.375 [restartedMain] INFO  s.d.s.w.s.ApiListingReferenceScanner.scan - Scanning for api listing references
08-11-2021 15:02:45.534 [restartedMain] INFO  c.h.m.l.LearnSpringApplication.logStarted - Started LearnSpringApplication in 4.219 seconds (JVM running for 5.396)
08-11-2021 15:02:55.367 [http-nio-1103-exec-1] INFO  o.a.c.c.C.[Tomcat].[localhost].[/].log - Initializing Spring DispatcherServlet 'dispatcherServlet'
08-11-2021 15:02:55.367 [http-nio-1103-exec-1] INFO  o.s.web.servlet.DispatcherServlet.initServletBean - Initializing Servlet 'dispatcherServlet'
08-11-2021 15:02:55.370 [http-nio-1103-exec-1] INFO  o.s.web.servlet.DispatcherServlet.initServletBean - Completed initialization in 2 ms
08-11-2021 15:30:24.765 [SpringApplicationShutdownHook] INFO  o.s.o.j.LocalContainerEntityManagerFactoryBean.destroy - Closing JPA EntityManagerFactory for persistence unit 'default'
08-11-2021 15:30:25.189 [SpringApplicationShutdownHook] INFO  com.zaxxer.hikari.HikariDataSource.close - HikariPool-1 - Shutdown initiated...
08-11-2021 15:30:25.283 [SpringApplicationShutdownHook] INFO  com.zaxxer.hikari.HikariDataSource.close - HikariPool-1 - Shutdown completed.
08-11-2021 15:30:32.700 [restartedMain] INFO  c.h.m.l.LearnSpringApplication.logStarting - Starting LearnSpringApplication using Java 15.0.2 on HungLe with PID 17772 (D:\Mobifone\Microservice\Project\server0\target\classes started by hung2 in D:\Mobifone\Microservice\Project\server0)
08-11-2021 15:30:32.715 [restartedMain] INFO  c.h.m.l.LearnSpringApplication.logStartupProfileInfo - No active profile set, falling back to default profiles: default
08-11-2021 15:30:32.796 [restartedMain] INFO  o.s.b.d.e.DevToolsPropertyDefaultsPostProcessor.logTo - Devtools property defaults active! Set 'spring.devtools.add-properties' to 'false' to disable
08-11-2021 15:30:32.796 [restartedMain] INFO  o.s.b.d.e.DevToolsPropertyDefaultsPostProcessor.logTo - For additional web related logging consider setting the 'logging.level.web' property to 'DEBUG'
08-11-2021 15:30:34.167 [restartedMain] INFO  o.s.d.r.c.RepositoryConfigurationDelegate.registerRepositoriesIn - Bootstrapping Spring Data JPA repositories in DEFAULT mode.
08-11-2021 15:30:34.253 [restartedMain] INFO  o.s.d.r.c.RepositoryConfigurationDelegate.registerRepositoriesIn - Finished Spring Data repository scanning in 73 ms. Found 2 JPA repository interfaces.
08-11-2021 15:30:34.975 [restartedMain] INFO  o.s.b.w.e.tomcat.TomcatWebServer.initialize - Tomcat initialized with port(s): 1103 (http)
08-11-2021 15:30:34.991 [restartedMain] INFO  o.a.coyote.http11.Http11NioProtocol.log - Initializing ProtocolHandler ["http-nio-1103"]
08-11-2021 15:30:34.992 [restartedMain] INFO  o.a.catalina.core.StandardService.log - Starting service [Tomcat]
08-11-2021 15:30:34.993 [restartedMain] INFO  o.a.catalina.core.StandardEngine.log - Starting Servlet engine: [Apache Tomcat/9.0.53]
08-11-2021 15:30:35.105 [restartedMain] INFO  o.a.c.c.C.[Tomcat].[localhost].[/].log - Initializing Spring embedded WebApplicationContext
08-11-2021 15:30:35.106 [restartedMain] INFO  o.s.b.w.s.c.ServletWebServerApplicationContext.prepareWebApplicationContext - Root WebApplicationContext: initialization completed in 2310 ms
08-11-2021 15:30:35.144 [restartedMain] INFO  com.zaxxer.hikari.HikariDataSource.getConnection - HikariPool-1 - Starting...
08-11-2021 15:30:35.533 [restartedMain] INFO  com.zaxxer.hikari.HikariDataSource.getConnection - HikariPool-1 - Start completed.
08-11-2021 15:30:35.540 [restartedMain] INFO  o.s.b.a.h.H2ConsoleAutoConfiguration.lambda$h2Console$0 - H2 console available at '/h2-console'. Database available at 'jdbc:mysql://localhost:3306/projectdb'
08-11-2021 15:30:35.729 [restartedMain] INFO  o.h.jpa.internal.util.LogHelper.logPersistenceUnitInformation - HHH000204: Processing PersistenceUnitInfo [name: default]
08-11-2021 15:30:35.795 [restartedMain] INFO  org.hibernate.Version.logVersion - HHH000412: Hibernate ORM core version 5.4.32.Final
08-11-2021 15:30:35.924 [restartedMain] INFO  o.h.annotations.common.Version.<clinit> - HCANN000001: Hibernate Commons Annotations {5.1.2.Final}
08-11-2021 15:30:36.052 [restartedMain] INFO  org.hibernate.dialect.Dialect.<init> - HHH000400: Using dialect: org.hibernate.dialect.MySQL5Dialect
08-11-2021 15:30:36.549 [restartedMain] INFO  o.h.e.t.j.p.i.JtaPlatformInitiator.initiateService - HHH000490: Using JtaPlatform implementation: [org.hibernate.engine.transaction.jta.platform.internal.NoJtaPlatform]
08-11-2021 15:30:36.553 [restartedMain] INFO  o.s.o.j.LocalContainerEntityManagerFactoryBean.buildNativeEntityManagerFactory - Initialized JPA EntityManagerFactory for persistence unit 'default'
08-11-2021 15:30:36.611 [restartedMain] WARN  o.s.b.a.o.j.JpaBaseConfiguration$JpaWebConfiguration.openEntityManagerInViewInterceptor - spring.jpa.open-in-view is enabled by default. Therefore, database queries may be performed during view rendering. Explicitly configure spring.jpa.open-in-view to disable this warning
08-11-2021 15:30:37.128 [restartedMain] INFO  o.s.b.a.s.s.UserDetailsServiceAutoConfiguration.getOrDeducePassword - 

Using generated security password: 0c094680-6fdd-4ce7-bd1e-3b328e532ee8

08-11-2021 15:30:37.206 [restartedMain] INFO  s.d.s.w.PropertySourcedRequestMappingHandlerMapping.initHandlerMethods - Mapped URL path [/v2/api-docs] onto method [springfox.documentation.swagger2.web.Swagger2Controller#getDocumentation(String, HttpServletRequest)]
08-11-2021 15:30:37.270 [restartedMain] INFO  o.s.s.web.DefaultSecurityFilterChain.<init> - Will secure any request with [org.springframework.security.web.context.request.async.WebAsyncManagerIntegrationFilter@59a8c8fe, org.springframework.security.web.context.SecurityContextPersistenceFilter@13d53fbd, org.springframework.security.web.header.HeaderWriterFilter@570f0d29, org.springframework.web.filter.CorsFilter@33ee6cdb, org.springframework.security.web.authentication.logout.LogoutFilter@34554754, org.springframework.security.web.savedrequest.RequestCacheAwareFilter@95cf20d, org.springframework.security.web.servletapi.SecurityContextHolderAwareRequestFilter@75114f3e, org.springframework.security.web.authentication.AnonymousAuthenticationFilter@55a49113, org.springframework.security.web.session.SessionManagementFilter@523d7f0, org.springframework.security.web.access.ExceptionTranslationFilter@7fbcba81]
08-11-2021 15:30:37.379 [restartedMain] INFO  o.s.b.d.a.OptionalLiveReloadServer.startServer - LiveReload server is running on port 35729
08-11-2021 15:30:37.554 [restartedMain] INFO  o.a.coyote.http11.Http11NioProtocol.log - Starting ProtocolHandler ["http-nio-1103"]
08-11-2021 15:30:37.579 [restartedMain] INFO  o.s.b.w.e.tomcat.TomcatWebServer.start - Tomcat started on port(s): 1103 (http) with context path ''
08-11-2021 15:30:37.580 [restartedMain] INFO  s.d.s.w.p.DocumentationPluginsBootstrapper.start - Context refreshed
08-11-2021 15:30:37.599 [restartedMain] INFO  s.d.s.w.p.DocumentationPluginsBootstrapper.start - Found 1 custom documentation plugin(s)
08-11-2021 15:30:37.633 [restartedMain] INFO  s.d.s.w.s.ApiListingReferenceScanner.scan - Scanning for api listing references
08-11-2021 15:30:37.765 [restartedMain] INFO  c.h.m.l.LearnSpringApplication.logStarted - Started LearnSpringApplication in 5.393 seconds (JVM running for 6.825)
08-11-2021 15:31:48.917 [http-nio-1103-exec-1] INFO  o.a.c.c.C.[Tomcat].[localhost].[/].log - Initializing Spring DispatcherServlet 'dispatcherServlet'
08-11-2021 15:31:48.918 [http-nio-1103-exec-1] INFO  o.s.web.servlet.DispatcherServlet.initServletBean - Initializing Servlet 'dispatcherServlet'
08-11-2021 15:31:48.920 [http-nio-1103-exec-1] INFO  o.s.web.servlet.DispatcherServlet.initServletBean - Completed initialization in 2 ms
08-11-2021 15:31:58.776 [http-nio-1103-exec-10] INFO  c.h.m.l.controller.UserController.findUserById - PARAM: 1
08-11-2021 15:31:59.829 [http-nio-1103-exec-3] INFO  c.h.m.l.controller.UserController.findUserById - PARAM: 1
08-11-2021 15:37:26.814 [SpringApplicationShutdownHook] INFO  o.s.o.j.LocalContainerEntityManagerFactoryBean.destroy - Closing JPA EntityManagerFactory for persistence unit 'default'
08-11-2021 15:37:27.018 [SpringApplicationShutdownHook] INFO  com.zaxxer.hikari.HikariDataSource.close - HikariPool-1 - Shutdown initiated...
08-11-2021 15:37:27.150 [SpringApplicationShutdownHook] INFO  com.zaxxer.hikari.HikariDataSource.close - HikariPool-1 - Shutdown completed.
