03-11-2021 13:51:13.791 [restartedMain] INFO  c.h.m.l.LearnSpringApplication.logStarting - Starting LearnSpringApplication using Java 15.0.2 on HungLe with PID 1152 (D:\Mobifone\Spring boot\learn-spring\project\target\classes started by hung2 in D:\Mobifone\Spring boot\learn-spring\project)
03-11-2021 13:51:13.796 [restartedMain] INFO  c.h.m.l.LearnSpringApplication.logStartupProfileInfo - No active profile set, falling back to default profiles: default
03-11-2021 13:51:13.823 [restartedMain] INFO  o.s.b.d.e.DevToolsPropertyDefaultsPostProcessor.logTo - Devtools property defaults active! Set 'spring.devtools.add-properties' to 'false' to disable
03-11-2021 13:51:13.823 [restartedMain] INFO  o.s.b.d.e.DevToolsPropertyDefaultsPostProcessor.logTo - For additional web related logging consider setting the 'logging.level.web' property to 'DEBUG'
03-11-2021 13:51:14.653 [restartedMain] INFO  o.s.d.r.c.RepositoryConfigurationDelegate.registerRepositoriesIn - Bootstrapping Spring Data JPA repositories in DEFAULT mode.
03-11-2021 13:51:14.700 [restartedMain] INFO  o.s.d.r.c.RepositoryConfigurationDelegate.registerRepositoriesIn - Finished Spring Data repository scanning in 40 ms. Found 2 JPA repository interfaces.
03-11-2021 13:51:15.139 [restartedMain] INFO  o.s.b.w.e.tomcat.TomcatWebServer.initialize - Tomcat initialized with port(s): 1103 (http)
03-11-2021 13:51:15.139 [restartedMain] INFO  o.a.coyote.http11.Http11NioProtocol.log - Initializing ProtocolHandler ["http-nio-1103"]
03-11-2021 13:51:15.139 [restartedMain] INFO  o.a.catalina.core.StandardService.log - Starting service [Tomcat]
03-11-2021 13:51:15.139 [restartedMain] INFO  o.a.catalina.core.StandardEngine.log - Starting Servlet engine: [Apache Tomcat/9.0.53]
03-11-2021 13:51:15.233 [restartedMain] INFO  o.a.c.c.C.[Tomcat].[localhost].[/].log - Initializing Spring embedded WebApplicationContext
03-11-2021 13:51:15.233 [restartedMain] INFO  o.s.b.w.s.c.ServletWebServerApplicationContext.prepareWebApplicationContext - Root WebApplicationContext: initialization completed in 1394 ms
03-11-2021 13:51:15.249 [restartedMain] INFO  com.zaxxer.hikari.HikariDataSource.getConnection - HikariPool-1 - Starting...
03-11-2021 13:51:15.564 [restartedMain] INFO  com.zaxxer.hikari.HikariDataSource.getConnection - HikariPool-1 - Start completed.
03-11-2021 13:51:15.564 [restartedMain] INFO  o.s.b.a.h.H2ConsoleAutoConfiguration.lambda$h2Console$0 - H2 console available at '/h2-console'. Database available at 'jdbc:mysql://localhost:3306/projectdb'
03-11-2021 13:51:15.699 [restartedMain] INFO  o.h.jpa.internal.util.LogHelper.logPersistenceUnitInformation - HHH000204: Processing PersistenceUnitInfo [name: default]
03-11-2021 13:51:15.739 [restartedMain] INFO  org.hibernate.Version.logVersion - HHH000412: Hibernate ORM core version 5.4.32.Final
03-11-2021 13:51:15.880 [restartedMain] INFO  o.h.annotations.common.Version.<clinit> - HCANN000001: Hibernate Commons Annotations {5.1.2.Final}
03-11-2021 13:51:15.974 [restartedMain] INFO  org.hibernate.dialect.Dialect.<init> - HHH000400: Using dialect: org.hibernate.dialect.MySQL5Dialect
03-11-2021 13:51:16.409 [restartedMain] INFO  o.h.e.t.j.p.i.JtaPlatformInitiator.initiateService - HHH000490: Using JtaPlatform implementation: [org.hibernate.engine.transaction.jta.platform.internal.NoJtaPlatform]
03-11-2021 13:51:16.425 [restartedMain] INFO  o.s.o.j.LocalContainerEntityManagerFactoryBean.buildNativeEntityManagerFactory - Initialized JPA EntityManagerFactory for persistence unit 'default'
03-11-2021 13:51:16.456 [restartedMain] WARN  o.s.b.a.o.j.JpaBaseConfiguration$JpaWebConfiguration.openEntityManagerInViewInterceptor - spring.jpa.open-in-view is enabled by default. Therefore, database queries may be performed during view rendering. Explicitly configure spring.jpa.open-in-view to disable this warning
03-11-2021 13:51:16.869 [restartedMain] INFO  o.s.b.a.s.s.UserDetailsServiceAutoConfiguration.getOrDeducePassword - 

Using generated security password: 86177ae3-0855-4e17-81f2-4ac4994257b2

03-11-2021 13:51:16.932 [restartedMain] INFO  s.d.s.w.PropertySourcedRequestMappingHandlerMapping.initHandlerMethods - Mapped URL path [/v2/api-docs] onto method [springfox.documentation.swagger2.web.Swagger2Controller#getDocumentation(String, HttpServletRequest)]
03-11-2021 13:51:17.001 [restartedMain] INFO  o.s.s.web.DefaultSecurityFilterChain.<init> - Will secure any request with [org.springframework.security.web.context.request.async.WebAsyncManagerIntegrationFilter@77ccb122, org.springframework.security.web.context.SecurityContextPersistenceFilter@4612838e, org.springframework.security.web.header.HeaderWriterFilter@5fc1127a, org.springframework.web.filter.CorsFilter@48532095, org.springframework.security.web.authentication.logout.LogoutFilter@12b7cec2, org.springframework.security.web.savedrequest.RequestCacheAwareFilter@1ae7ffb0, org.springframework.security.web.servletapi.SecurityContextHolderAwareRequestFilter@1ae653c0, org.springframework.security.web.authentication.AnonymousAuthenticationFilter@30246ceb, org.springframework.security.web.session.SessionManagementFilter@5b283fd7, org.springframework.security.web.access.ExceptionTranslationFilter@2975dc80]
03-11-2021 13:51:17.073 [restartedMain] INFO  o.s.b.d.a.OptionalLiveReloadServer.startServer - LiveReload server is running on port 35729
03-11-2021 13:51:17.168 [restartedMain] INFO  o.a.coyote.http11.Http11NioProtocol.log - Starting ProtocolHandler ["http-nio-1103"]
03-11-2021 13:51:17.183 [restartedMain] INFO  o.s.b.w.e.tomcat.TomcatWebServer.start - Tomcat started on port(s): 1103 (http) with context path ''
03-11-2021 13:51:17.183 [restartedMain] INFO  s.d.s.w.p.DocumentationPluginsBootstrapper.start - Context refreshed
03-11-2021 13:51:17.202 [restartedMain] INFO  s.d.s.w.p.DocumentationPluginsBootstrapper.start - Found 1 custom documentation plugin(s)
03-11-2021 13:51:17.231 [restartedMain] INFO  s.d.s.w.s.ApiListingReferenceScanner.scan - Scanning for api listing references
03-11-2021 13:51:17.340 [restartedMain] INFO  c.h.m.l.LearnSpringApplication.logStarted - Started LearnSpringApplication in 8.488 seconds (JVM running for 9.9)
03-11-2021 14:02:09.995 [SpringApplicationShutdownHook] INFO  o.s.o.j.LocalContainerEntityManagerFactoryBean.destroy - Closing JPA EntityManagerFactory for persistence unit 'default'
03-11-2021 14:02:09.995 [SpringApplicationShutdownHook] INFO  com.zaxxer.hikari.HikariDataSource.close - HikariPool-1 - Shutdown initiated...
03-11-2021 14:02:10.010 [SpringApplicationShutdownHook] INFO  com.zaxxer.hikari.HikariDataSource.close - HikariPool-1 - Shutdown completed.
03-11-2021 14:02:18.698 [restartedMain] INFO  c.h.m.l.LearnSpringApplication.logStarting - Starting LearnSpringApplication using Java 15.0.2 on HungLe with PID 7628 (D:\Mobifone\Spring boot\learn-spring\project\target\classes started by hung2 in D:\Mobifone\Spring boot\learn-spring\project)
03-11-2021 14:02:18.698 [restartedMain] INFO  c.h.m.l.LearnSpringApplication.logStartupProfileInfo - No active profile set, falling back to default profiles: default
03-11-2021 14:02:18.723 [restartedMain] INFO  o.s.b.d.e.DevToolsPropertyDefaultsPostProcessor.logTo - Devtools property defaults active! Set 'spring.devtools.add-properties' to 'false' to disable
03-11-2021 14:02:18.723 [restartedMain] INFO  o.s.b.d.e.DevToolsPropertyDefaultsPostProcessor.logTo - For additional web related logging consider setting the 'logging.level.web' property to 'DEBUG'
03-11-2021 14:02:19.449 [restartedMain] INFO  o.s.d.r.c.RepositoryConfigurationDelegate.registerRepositoriesIn - Bootstrapping Spring Data JPA repositories in DEFAULT mode.
03-11-2021 14:02:19.499 [restartedMain] INFO  o.s.d.r.c.RepositoryConfigurationDelegate.registerRepositoriesIn - Finished Spring Data repository scanning in 41 ms. Found 2 JPA repository interfaces.
03-11-2021 14:02:19.923 [restartedMain] INFO  o.s.b.w.e.tomcat.TomcatWebServer.initialize - Tomcat initialized with port(s): 1103 (http)
03-11-2021 14:02:19.923 [restartedMain] INFO  o.a.coyote.http11.Http11NioProtocol.log - Initializing ProtocolHandler ["http-nio-1103"]
03-11-2021 14:02:19.923 [restartedMain] INFO  o.a.catalina.core.StandardService.log - Starting service [Tomcat]
03-11-2021 14:02:19.923 [restartedMain] INFO  o.a.catalina.core.StandardEngine.log - Starting Servlet engine: [Apache Tomcat/9.0.53]
03-11-2021 14:02:20.017 [restartedMain] INFO  o.a.c.c.C.[Tomcat].[localhost].[/].log - Initializing Spring embedded WebApplicationContext
03-11-2021 14:02:20.017 [restartedMain] INFO  o.s.b.w.s.c.ServletWebServerApplicationContext.prepareWebApplicationContext - Root WebApplicationContext: initialization completed in 1294 ms
03-11-2021 14:02:20.048 [restartedMain] INFO  com.zaxxer.hikari.HikariDataSource.getConnection - HikariPool-1 - Starting...
03-11-2021 14:02:20.268 [restartedMain] INFO  com.zaxxer.hikari.HikariDataSource.getConnection - HikariPool-1 - Start completed.
03-11-2021 14:02:20.268 [restartedMain] INFO  o.s.b.a.h.H2ConsoleAutoConfiguration.lambda$h2Console$0 - H2 console available at '/h2-console'. Database available at 'jdbc:mysql://localhost:3306/projectdb'
03-11-2021 14:02:20.401 [restartedMain] INFO  o.h.jpa.internal.util.LogHelper.logPersistenceUnitInformation - HHH000204: Processing PersistenceUnitInfo [name: default]
03-11-2021 14:02:20.429 [restartedMain] INFO  org.hibernate.Version.logVersion - HHH000412: Hibernate ORM core version 5.4.32.Final
03-11-2021 14:02:20.523 [restartedMain] INFO  o.h.annotations.common.Version.<clinit> - HCANN000001: Hibernate Commons Annotations {5.1.2.Final}
03-11-2021 14:02:20.603 [restartedMain] INFO  org.hibernate.dialect.Dialect.<init> - HHH000400: Using dialect: org.hibernate.dialect.MySQL5Dialect
03-11-2021 14:02:20.933 [restartedMain] INFO  o.h.e.t.j.p.i.JtaPlatformInitiator.initiateService - HHH000490: Using JtaPlatform implementation: [org.hibernate.engine.transaction.jta.platform.internal.NoJtaPlatform]
03-11-2021 14:02:20.949 [restartedMain] INFO  o.s.o.j.LocalContainerEntityManagerFactoryBean.buildNativeEntityManagerFactory - Initialized JPA EntityManagerFactory for persistence unit 'default'
03-11-2021 14:02:20.980 [restartedMain] WARN  o.s.b.a.o.j.JpaBaseConfiguration$JpaWebConfiguration.openEntityManagerInViewInterceptor - spring.jpa.open-in-view is enabled by default. Therefore, database queries may be performed during view rendering. Explicitly configure spring.jpa.open-in-view to disable this warning
03-11-2021 14:02:21.390 [restartedMain] INFO  o.s.b.a.s.s.UserDetailsServiceAutoConfiguration.getOrDeducePassword - 

Using generated security password: 54c059a9-33c2-4a94-94d6-592669ee1ae1

03-11-2021 14:02:21.437 [restartedMain] INFO  s.d.s.w.PropertySourcedRequestMappingHandlerMapping.initHandlerMethods - Mapped URL path [/v2/api-docs] onto method [springfox.documentation.swagger2.web.Swagger2Controller#getDocumentation(String, HttpServletRequest)]
03-11-2021 14:02:21.504 [restartedMain] INFO  o.s.s.web.DefaultSecurityFilterChain.<init> - Will secure any request with [org.springframework.security.web.context.request.async.WebAsyncManagerIntegrationFilter@693b9f8, org.springframework.security.web.context.SecurityContextPersistenceFilter@73b251d3, org.springframework.security.web.header.HeaderWriterFilter@507a059e, org.springframework.web.filter.CorsFilter@7cfa89ab, org.springframework.security.web.authentication.logout.LogoutFilter@41cbdb92, org.springframework.security.web.savedrequest.RequestCacheAwareFilter@22d289ae, org.springframework.security.web.servletapi.SecurityContextHolderAwareRequestFilter@78a4ec3d, org.springframework.security.web.authentication.AnonymousAuthenticationFilter@1efb02a8, org.springframework.security.web.session.SessionManagementFilter@47623778, org.springframework.security.web.access.ExceptionTranslationFilter@2c6e322f]
03-11-2021 14:02:21.564 [restartedMain] INFO  o.s.b.d.a.OptionalLiveReloadServer.startServer - LiveReload server is running on port 35729
03-11-2021 14:02:21.658 [restartedMain] INFO  o.a.coyote.http11.Http11NioProtocol.log - Starting ProtocolHandler ["http-nio-1103"]
03-11-2021 14:02:21.691 [restartedMain] INFO  o.s.b.w.e.tomcat.TomcatWebServer.start - Tomcat started on port(s): 1103 (http) with context path ''
03-11-2021 14:02:21.691 [restartedMain] INFO  s.d.s.w.p.DocumentationPluginsBootstrapper.start - Context refreshed
03-11-2021 14:02:21.704 [restartedMain] INFO  s.d.s.w.p.DocumentationPluginsBootstrapper.start - Found 1 custom documentation plugin(s)
03-11-2021 14:02:21.723 [restartedMain] INFO  s.d.s.w.s.ApiListingReferenceScanner.scan - Scanning for api listing references
03-11-2021 14:02:21.848 [restartedMain] INFO  c.h.m.l.LearnSpringApplication.logStarted - Started LearnSpringApplication in 8.048 seconds (JVM running for 9.203)
03-11-2021 14:03:04.606 [SpringApplicationShutdownHook] INFO  o.s.o.j.LocalContainerEntityManagerFactoryBean.destroy - Closing JPA EntityManagerFactory for persistence unit 'default'
03-11-2021 14:03:04.606 [SpringApplicationShutdownHook] INFO  com.zaxxer.hikari.HikariDataSource.close - HikariPool-1 - Shutdown initiated...
03-11-2021 14:03:04.624 [SpringApplicationShutdownHook] INFO  com.zaxxer.hikari.HikariDataSource.close - HikariPool-1 - Shutdown completed.
03-11-2021 14:18:30.413 [restartedMain] INFO  c.h.m.l.LearnSpringApplication.logStarting - Starting LearnSpringApplication using Java 15.0.2 on HungLe with PID 12996 (D:\Mobifone\Spring boot\learn-spring\project\target\classes started by hung2 in D:\Mobifone\Spring boot\learn-spring\project)
03-11-2021 14:18:30.523 [restartedMain] INFO  c.h.m.l.LearnSpringApplication.logStartupProfileInfo - No active profile set, falling back to default profiles: default
03-11-2021 14:18:30.571 [restartedMain] INFO  o.s.b.d.e.DevToolsPropertyDefaultsPostProcessor.logTo - Devtools property defaults active! Set 'spring.devtools.add-properties' to 'false' to disable
03-11-2021 14:18:30.587 [restartedMain] INFO  o.s.b.d.e.DevToolsPropertyDefaultsPostProcessor.logTo - For additional web related logging consider setting the 'logging.level.web' property to 'DEBUG'
03-11-2021 14:18:31.567 [restartedMain] INFO  o.s.d.r.c.RepositoryConfigurationDelegate.registerRepositoriesIn - Bootstrapping Spring Data JPA repositories in DEFAULT mode.
03-11-2021 14:18:31.630 [restartedMain] INFO  o.s.d.r.c.RepositoryConfigurationDelegate.registerRepositoriesIn - Finished Spring Data repository scanning in 60 ms. Found 2 JPA repository interfaces.
03-11-2021 14:18:32.169 [restartedMain] INFO  o.s.b.w.e.tomcat.TomcatWebServer.initialize - Tomcat initialized with port(s): 1103 (http)
03-11-2021 14:18:32.169 [restartedMain] INFO  o.a.coyote.http11.Http11NioProtocol.log - Initializing ProtocolHandler ["http-nio-1103"]
03-11-2021 14:18:32.169 [restartedMain] INFO  o.a.catalina.core.StandardService.log - Starting service [Tomcat]
03-11-2021 14:18:32.169 [restartedMain] INFO  o.a.catalina.core.StandardEngine.log - Starting Servlet engine: [Apache Tomcat/9.0.53]
03-11-2021 14:18:32.279 [restartedMain] INFO  o.a.c.c.C.[Tomcat].[localhost].[/].log - Initializing Spring embedded WebApplicationContext
03-11-2021 14:18:32.279 [restartedMain] INFO  o.s.b.w.s.c.ServletWebServerApplicationContext.prepareWebApplicationContext - Root WebApplicationContext: initialization completed in 1692 ms
03-11-2021 14:18:32.307 [restartedMain] INFO  com.zaxxer.hikari.HikariDataSource.getConnection - HikariPool-1 - Starting...
03-11-2021 14:18:32.715 [restartedMain] INFO  com.zaxxer.hikari.HikariDataSource.getConnection - HikariPool-1 - Start completed.
03-11-2021 14:18:32.733 [restartedMain] INFO  o.s.b.a.h.H2ConsoleAutoConfiguration.lambda$h2Console$0 - H2 console available at '/h2-console'. Database available at 'jdbc:mysql://localhost:3306/projectdb'
03-11-2021 14:18:32.905 [restartedMain] INFO  o.h.jpa.internal.util.LogHelper.logPersistenceUnitInformation - HHH000204: Processing PersistenceUnitInfo [name: default]
03-11-2021 14:18:32.970 [restartedMain] INFO  org.hibernate.Version.logVersion - HHH000412: Hibernate ORM core version 5.4.32.Final
03-11-2021 14:18:33.118 [restartedMain] INFO  o.h.annotations.common.Version.<clinit> - HCANN000001: Hibernate Commons Annotations {5.1.2.Final}
03-11-2021 14:18:33.220 [restartedMain] INFO  org.hibernate.dialect.Dialect.<init> - HHH000400: Using dialect: org.hibernate.dialect.MySQL5Dialect
03-11-2021 14:18:33.806 [restartedMain] INFO  o.h.e.t.j.p.i.JtaPlatformInitiator.initiateService - HHH000490: Using JtaPlatform implementation: [org.hibernate.engine.transaction.jta.platform.internal.NoJtaPlatform]
03-11-2021 14:18:33.821 [restartedMain] INFO  o.s.o.j.LocalContainerEntityManagerFactoryBean.buildNativeEntityManagerFactory - Initialized JPA EntityManagerFactory for persistence unit 'default'
03-11-2021 14:18:33.870 [restartedMain] WARN  o.s.b.a.o.j.JpaBaseConfiguration$JpaWebConfiguration.openEntityManagerInViewInterceptor - spring.jpa.open-in-view is enabled by default. Therefore, database queries may be performed during view rendering. Explicitly configure spring.jpa.open-in-view to disable this warning
03-11-2021 14:18:34.404 [restartedMain] INFO  o.s.b.a.s.s.UserDetailsServiceAutoConfiguration.getOrDeducePassword - 

Using generated security password: 07efe42f-156a-4d2b-a518-c24948d0af3b

03-11-2021 14:18:34.482 [restartedMain] INFO  s.d.s.w.PropertySourcedRequestMappingHandlerMapping.initHandlerMethods - Mapped URL path [/v2/api-docs] onto method [springfox.documentation.swagger2.web.Swagger2Controller#getDocumentation(String, HttpServletRequest)]
03-11-2021 14:18:34.545 [restartedMain] INFO  o.s.s.web.DefaultSecurityFilterChain.<init> - Will secure any request with [org.springframework.security.web.context.request.async.WebAsyncManagerIntegrationFilter@3ed53f8b, org.springframework.security.web.context.SecurityContextPersistenceFilter@1035d6fc, org.springframework.security.web.header.HeaderWriterFilter@2713c29b, org.springframework.web.filter.CorsFilter@963908, org.springframework.security.web.authentication.logout.LogoutFilter@3d5fe460, org.springframework.security.web.savedrequest.RequestCacheAwareFilter@6299ad5e, org.springframework.security.web.servletapi.SecurityContextHolderAwareRequestFilter@16c06e5e, org.springframework.security.web.authentication.AnonymousAuthenticationFilter@498a93a0, org.springframework.security.web.session.SessionManagementFilter@28c001dc, org.springframework.security.web.access.ExceptionTranslationFilter@361ad6f1]
03-11-2021 14:18:34.623 [restartedMain] INFO  o.s.b.d.a.OptionalLiveReloadServer.startServer - LiveReload server is running on port 35729
03-11-2021 14:18:34.750 [restartedMain] INFO  o.a.coyote.http11.Http11NioProtocol.log - Starting ProtocolHandler ["http-nio-1103"]
03-11-2021 14:18:34.781 [restartedMain] INFO  o.s.b.w.e.tomcat.TomcatWebServer.start - Tomcat started on port(s): 1103 (http) with context path ''
03-11-2021 14:18:34.781 [restartedMain] INFO  s.d.s.w.p.DocumentationPluginsBootstrapper.start - Context refreshed
03-11-2021 14:18:34.797 [restartedMain] INFO  s.d.s.w.p.DocumentationPluginsBootstrapper.start - Found 1 custom documentation plugin(s)
03-11-2021 14:18:34.828 [restartedMain] INFO  s.d.s.w.s.ApiListingReferenceScanner.scan - Scanning for api listing references
03-11-2021 14:18:34.985 [restartedMain] INFO  c.h.m.l.LearnSpringApplication.logStarted - Started LearnSpringApplication in 9.466 seconds (JVM running for 11.146)
03-11-2021 14:33:45.338 [SpringApplicationShutdownHook] INFO  o.s.o.j.LocalContainerEntityManagerFactoryBean.destroy - Closing JPA EntityManagerFactory for persistence unit 'default'
03-11-2021 14:33:45.394 [SpringApplicationShutdownHook] INFO  com.zaxxer.hikari.HikariDataSource.close - HikariPool-1 - Shutdown initiated...
03-11-2021 14:33:45.441 [SpringApplicationShutdownHook] INFO  com.zaxxer.hikari.HikariDataSource.close - HikariPool-1 - Shutdown completed.
03-11-2021 14:33:54.461 [restartedMain] INFO  c.h.m.l.LearnSpringApplication.logStarting - Starting LearnSpringApplication using Java 15.0.2 on HungLe with PID 10636 (D:\Mobifone\Spring boot\learn-spring\project\target\classes started by hung2 in D:\Mobifone\Spring boot\learn-spring\project)
03-11-2021 14:33:54.464 [restartedMain] INFO  c.h.m.l.LearnSpringApplication.logStartupProfileInfo - No active profile set, falling back to default profiles: default
03-11-2021 14:33:54.496 [restartedMain] INFO  o.s.b.d.e.DevToolsPropertyDefaultsPostProcessor.logTo - Devtools property defaults active! Set 'spring.devtools.add-properties' to 'false' to disable
03-11-2021 14:33:54.496 [restartedMain] INFO  o.s.b.d.e.DevToolsPropertyDefaultsPostProcessor.logTo - For additional web related logging consider setting the 'logging.level.web' property to 'DEBUG'
03-11-2021 14:33:55.384 [restartedMain] INFO  o.s.d.r.c.RepositoryConfigurationDelegate.registerRepositoriesIn - Bootstrapping Spring Data JPA repositories in DEFAULT mode.
03-11-2021 14:33:55.442 [restartedMain] INFO  o.s.d.r.c.RepositoryConfigurationDelegate.registerRepositoriesIn - Finished Spring Data repository scanning in 48 ms. Found 2 JPA repository interfaces.
03-11-2021 14:33:56.056 [restartedMain] INFO  o.s.b.w.e.tomcat.TomcatWebServer.initialize - Tomcat initialized with port(s): 1103 (http)
03-11-2021 14:33:56.064 [restartedMain] INFO  o.a.coyote.http11.Http11NioProtocol.log - Initializing ProtocolHandler ["http-nio-1103"]
03-11-2021 14:33:56.064 [restartedMain] INFO  o.a.catalina.core.StandardService.log - Starting service [Tomcat]
03-11-2021 14:33:56.065 [restartedMain] INFO  o.a.catalina.core.StandardEngine.log - Starting Servlet engine: [Apache Tomcat/9.0.53]
03-11-2021 14:33:56.171 [restartedMain] INFO  o.a.c.c.C.[Tomcat].[localhost].[/].log - Initializing Spring embedded WebApplicationContext
03-11-2021 14:33:56.172 [restartedMain] INFO  o.s.b.w.s.c.ServletWebServerApplicationContext.prepareWebApplicationContext - Root WebApplicationContext: initialization completed in 1676 ms
03-11-2021 14:33:56.200 [restartedMain] INFO  com.zaxxer.hikari.HikariDataSource.getConnection - HikariPool-1 - Starting...
03-11-2021 14:33:56.526 [restartedMain] INFO  com.zaxxer.hikari.HikariDataSource.getConnection - HikariPool-1 - Start completed.
03-11-2021 14:33:56.530 [restartedMain] INFO  o.s.b.a.h.H2ConsoleAutoConfiguration.lambda$h2Console$0 - H2 console available at '/h2-console'. Database available at 'jdbc:mysql://localhost:3306/projectdb'
03-11-2021 14:33:56.660 [restartedMain] INFO  o.h.jpa.internal.util.LogHelper.logPersistenceUnitInformation - HHH000204: Processing PersistenceUnitInfo [name: default]
03-11-2021 14:33:56.713 [restartedMain] INFO  org.hibernate.Version.logVersion - HHH000412: Hibernate ORM core version 5.4.32.Final
03-11-2021 14:33:56.852 [restartedMain] INFO  o.h.annotations.common.Version.<clinit> - HCANN000001: Hibernate Commons Annotations {5.1.2.Final}
03-11-2021 14:33:56.950 [restartedMain] INFO  org.hibernate.dialect.Dialect.<init> - HHH000400: Using dialect: org.hibernate.dialect.MySQL5Dialect
03-11-2021 14:33:57.356 [restartedMain] INFO  o.h.e.t.j.p.i.JtaPlatformInitiator.initiateService - HHH000490: Using JtaPlatform implementation: [org.hibernate.engine.transaction.jta.platform.internal.NoJtaPlatform]
03-11-2021 14:33:57.371 [restartedMain] INFO  o.s.o.j.LocalContainerEntityManagerFactoryBean.buildNativeEntityManagerFactory - Initialized JPA EntityManagerFactory for persistence unit 'default'
03-11-2021 14:33:57.465 [restartedMain] WARN  o.s.b.a.o.j.JpaBaseConfiguration$JpaWebConfiguration.openEntityManagerInViewInterceptor - spring.jpa.open-in-view is enabled by default. Therefore, database queries may be performed during view rendering. Explicitly configure spring.jpa.open-in-view to disable this warning
03-11-2021 14:33:57.939 [restartedMain] INFO  o.s.b.a.s.s.UserDetailsServiceAutoConfiguration.getOrDeducePassword - 

Using generated security password: cad70473-cf93-4239-a589-d40ce55e6aaf

03-11-2021 14:33:57.986 [restartedMain] INFO  s.d.s.w.PropertySourcedRequestMappingHandlerMapping.initHandlerMethods - Mapped URL path [/v2/api-docs] onto method [springfox.documentation.swagger2.web.Swagger2Controller#getDocumentation(String, HttpServletRequest)]
03-11-2021 14:33:58.064 [restartedMain] INFO  o.s.s.web.DefaultSecurityFilterChain.<init> - Will secure any request with [org.springframework.security.web.context.request.async.WebAsyncManagerIntegrationFilter@2b1d16dc, org.springframework.security.web.context.SecurityContextPersistenceFilter@2138831c, org.springframework.security.web.header.HeaderWriterFilter@2bfcaf89, org.springframework.web.filter.CorsFilter@87defb5, org.springframework.security.web.authentication.logout.LogoutFilter@1391544, org.springframework.security.web.savedrequest.RequestCacheAwareFilter@635c8681, org.springframework.security.web.servletapi.SecurityContextHolderAwareRequestFilter@15d4fa41, org.springframework.security.web.authentication.AnonymousAuthenticationFilter@3b62eb0b, org.springframework.security.web.session.SessionManagementFilter@4a23f8cd, org.springframework.security.web.access.ExceptionTranslationFilter@6152258]
03-11-2021 14:33:58.256 [restartedMain] INFO  o.s.b.d.a.OptionalLiveReloadServer.startServer - LiveReload server is running on port 35729
03-11-2021 14:33:58.346 [restartedMain] INFO  o.a.coyote.http11.Http11NioProtocol.log - Starting ProtocolHandler ["http-nio-1103"]
03-11-2021 14:33:58.362 [restartedMain] INFO  o.s.b.w.e.tomcat.TomcatWebServer.start - Tomcat started on port(s): 1103 (http) with context path ''
03-11-2021 14:33:58.362 [restartedMain] INFO  s.d.s.w.p.DocumentationPluginsBootstrapper.start - Context refreshed
03-11-2021 14:33:58.378 [restartedMain] INFO  s.d.s.w.p.DocumentationPluginsBootstrapper.start - Found 1 custom documentation plugin(s)
03-11-2021 14:33:58.409 [restartedMain] INFO  s.d.s.w.s.ApiListingReferenceScanner.scan - Scanning for api listing references
03-11-2021 14:33:58.557 [restartedMain] INFO  c.h.m.l.LearnSpringApplication.logStarted - Started LearnSpringApplication in 9.024 seconds (JVM running for 10.521)
03-11-2021 14:40:59.059 [SpringApplicationShutdownHook] INFO  o.s.o.j.LocalContainerEntityManagerFactoryBean.destroy - Closing JPA EntityManagerFactory for persistence unit 'default'
03-11-2021 14:40:59.068 [SpringApplicationShutdownHook] INFO  com.zaxxer.hikari.HikariDataSource.close - HikariPool-1 - Shutdown initiated...
03-11-2021 14:40:59.092 [SpringApplicationShutdownHook] INFO  com.zaxxer.hikari.HikariDataSource.close - HikariPool-1 - Shutdown completed.
03-11-2021 14:41:09.028 [restartedMain] ERROR o.s.boot.SpringApplication.reportFailure - Application run failed
java.lang.IllegalStateException: java.lang.IllegalStateException: Logback configuration error detected: 
ERROR in ch.qos.logback.core.pattern.parser.Compiler@7202e7f1 - There is no conversion class registered for composite conversion word [pink]
ERROR in ch.qos.logback.core.pattern.parser.Compiler@7202e7f1 - Failed to create converter for [%pink] keyword
	at org.springframework.boot.context.logging.LoggingApplicationListener.initializeSystem(LoggingApplicationListener.java:328)
	at org.springframework.boot.context.logging.LoggingApplicationListener.initialize(LoggingApplicationListener.java:282)
	at org.springframework.boot.context.logging.LoggingApplicationListener.onApplicationEnvironmentPreparedEvent(LoggingApplicationListener.java:240)
	at org.springframework.boot.context.logging.LoggingApplicationListener.onApplicationEvent(LoggingApplicationListener.java:216)
	at org.springframework.context.event.SimpleApplicationEventMulticaster.doInvokeListener(SimpleApplicationEventMulticaster.java:176)
	at org.springframework.context.event.SimpleApplicationEventMulticaster.invokeListener(SimpleApplicationEventMulticaster.java:169)
	at org.springframework.context.event.SimpleApplicationEventMulticaster.multicastEvent(SimpleApplicationEventMulticaster.java:143)
	at org.springframework.context.event.SimpleApplicationEventMulticaster.multicastEvent(SimpleApplicationEventMulticaster.java:131)
	at org.springframework.boot.context.event.EventPublishingRunListener.environmentPrepared(EventPublishingRunListener.java:82)
	at org.springframework.boot.SpringApplicationRunListeners.lambda$environmentPrepared$2(SpringApplicationRunListeners.java:63)
	at java.base/java.util.ArrayList.forEach(ArrayList.java:1511)
	at org.springframework.boot.SpringApplicationRunListeners.doWithListeners(SpringApplicationRunListeners.java:117)
	at org.springframework.boot.SpringApplicationRunListeners.doWithListeners(SpringApplicationRunListeners.java:111)
	at org.springframework.boot.SpringApplicationRunListeners.environmentPrepared(SpringApplicationRunListeners.java:62)
	at org.springframework.boot.SpringApplication.prepareEnvironment(SpringApplication.java:374)
	at org.springframework.boot.SpringApplication.run(SpringApplication.java:332)
	at org.springframework.boot.SpringApplication.run(SpringApplication.java:1343)
	at org.springframework.boot.SpringApplication.run(SpringApplication.java:1332)
	at com.hungle.mbf.learnspring.LearnSpringApplication.main(LearnSpringApplication.java:10)
	at java.base/jdk.internal.reflect.NativeMethodAccessorImpl.invoke0(Native Method)
	at java.base/jdk.internal.reflect.NativeMethodAccessorImpl.invoke(NativeMethodAccessorImpl.java:64)
	at java.base/jdk.internal.reflect.DelegatingMethodAccessorImpl.invoke(DelegatingMethodAccessorImpl.java:43)
	at java.base/java.lang.reflect.Method.invoke(Method.java:564)
	at org.springframework.boot.devtools.restart.RestartLauncher.run(RestartLauncher.java:49)
Caused by: java.lang.IllegalStateException: Logback configuration error detected: 
ERROR in ch.qos.logback.core.pattern.parser.Compiler@7202e7f1 - There is no conversion class registered for composite conversion word [pink]
ERROR in ch.qos.logback.core.pattern.parser.Compiler@7202e7f1 - Failed to create converter for [%pink] keyword
	at org.springframework.boot.logging.logback.LogbackLoggingSystem.loadConfiguration(LogbackLoggingSystem.java:179)
	at org.springframework.boot.logging.logback.LogbackLoggingSystem.reinitialize(LogbackLoggingSystem.java:232)
	at org.springframework.boot.logging.AbstractLoggingSystem.initializeWithConventions(AbstractLoggingSystem.java:73)
	at org.springframework.boot.logging.AbstractLoggingSystem.initialize(AbstractLoggingSystem.java:60)
	at org.springframework.boot.logging.logback.LogbackLoggingSystem.initialize(LogbackLoggingSystem.java:132)
	at org.springframework.boot.context.logging.LoggingApplicationListener.initializeSystem(LoggingApplicationListener.java:313)
	... 23 common frames omitted
03-11-2021 14:42:25.305 [restartedMain] INFO  c.h.m.l.LearnSpringApplication.logStarting - Starting LearnSpringApplication using Java 15.0.2 on HungLe with PID 8 (D:\Mobifone\Spring boot\learn-spring\project\target\classes started by hung2 in D:\Mobifone\Spring boot\learn-spring\project)
03-11-2021 14:42:25.305 [restartedMain] INFO  c.h.m.l.LearnSpringApplication.logStartupProfileInfo - No active profile set, falling back to default profiles: default
03-11-2021 14:42:25.337 [restartedMain] INFO  o.s.b.d.e.DevToolsPropertyDefaultsPostProcessor.logTo - Devtools property defaults active! Set 'spring.devtools.add-properties' to 'false' to disable
03-11-2021 14:42:25.337 [restartedMain] INFO  o.s.b.d.e.DevToolsPropertyDefaultsPostProcessor.logTo - For additional web related logging consider setting the 'logging.level.web' property to 'DEBUG'
03-11-2021 14:42:26.222 [restartedMain] INFO  o.s.d.r.c.RepositoryConfigurationDelegate.registerRepositoriesIn - Bootstrapping Spring Data JPA repositories in DEFAULT mode.
03-11-2021 14:42:26.285 [restartedMain] INFO  o.s.d.r.c.RepositoryConfigurationDelegate.registerRepositoriesIn - Finished Spring Data repository scanning in 53 ms. Found 2 JPA repository interfaces.
03-11-2021 14:42:26.770 [restartedMain] INFO  o.s.b.w.e.tomcat.TomcatWebServer.initialize - Tomcat initialized with port(s): 1103 (http)
03-11-2021 14:42:26.770 [restartedMain] INFO  o.a.coyote.http11.Http11NioProtocol.log - Initializing ProtocolHandler ["http-nio-1103"]
03-11-2021 14:42:26.770 [restartedMain] INFO  o.a.catalina.core.StandardService.log - Starting service [Tomcat]
03-11-2021 14:42:26.770 [restartedMain] INFO  o.a.catalina.core.StandardEngine.log - Starting Servlet engine: [Apache Tomcat/9.0.53]
03-11-2021 14:42:26.864 [restartedMain] INFO  o.a.c.c.C.[Tomcat].[localhost].[/].log - Initializing Spring embedded WebApplicationContext
03-11-2021 14:42:26.864 [restartedMain] INFO  o.s.b.w.s.c.ServletWebServerApplicationContext.prepareWebApplicationContext - Root WebApplicationContext: initialization completed in 1527 ms
03-11-2021 14:42:26.895 [restartedMain] INFO  com.zaxxer.hikari.HikariDataSource.getConnection - HikariPool-1 - Starting...
03-11-2021 14:42:27.209 [restartedMain] INFO  com.zaxxer.hikari.HikariDataSource.getConnection - HikariPool-1 - Start completed.
03-11-2021 14:42:27.216 [restartedMain] INFO  o.s.b.a.h.H2ConsoleAutoConfiguration.lambda$h2Console$0 - H2 console available at '/h2-console'. Database available at 'jdbc:mysql://localhost:3306/projectdb'
03-11-2021 14:42:27.348 [restartedMain] INFO  o.h.jpa.internal.util.LogHelper.logPersistenceUnitInformation - HHH000204: Processing PersistenceUnitInfo [name: default]
03-11-2021 14:42:27.395 [restartedMain] INFO  org.hibernate.Version.logVersion - HHH000412: Hibernate ORM core version 5.4.32.Final
03-11-2021 14:42:27.537 [restartedMain] INFO  o.h.annotations.common.Version.<clinit> - HCANN000001: Hibernate Commons Annotations {5.1.2.Final}
03-11-2021 14:42:27.616 [restartedMain] INFO  org.hibernate.dialect.Dialect.<init> - HHH000400: Using dialect: org.hibernate.dialect.MySQL5Dialect
03-11-2021 14:42:28.026 [restartedMain] INFO  o.h.e.t.j.p.i.JtaPlatformInitiator.initiateService - HHH000490: Using JtaPlatform implementation: [org.hibernate.engine.transaction.jta.platform.internal.NoJtaPlatform]
03-11-2021 14:42:28.042 [restartedMain] INFO  o.s.o.j.LocalContainerEntityManagerFactoryBean.buildNativeEntityManagerFactory - Initialized JPA EntityManagerFactory for persistence unit 'default'
03-11-2021 14:42:28.073 [restartedMain] WARN  o.s.b.a.o.j.JpaBaseConfiguration$JpaWebConfiguration.openEntityManagerInViewInterceptor - spring.jpa.open-in-view is enabled by default. Therefore, database queries may be performed during view rendering. Explicitly configure spring.jpa.open-in-view to disable this warning
03-11-2021 14:42:28.518 [restartedMain] INFO  o.s.b.a.s.s.UserDetailsServiceAutoConfiguration.getOrDeducePassword - 

Using generated security password: 5013edce-f016-4e40-8300-0ebf15b17eba

03-11-2021 14:42:28.592 [restartedMain] INFO  s.d.s.w.PropertySourcedRequestMappingHandlerMapping.initHandlerMethods - Mapped URL path [/v2/api-docs] onto method [springfox.documentation.swagger2.web.Swagger2Controller#getDocumentation(String, HttpServletRequest)]
03-11-2021 14:42:28.672 [restartedMain] INFO  o.s.s.web.DefaultSecurityFilterChain.<init> - Will secure any request with [org.springframework.security.web.context.request.async.WebAsyncManagerIntegrationFilter@44ae6ae0, org.springframework.security.web.context.SecurityContextPersistenceFilter@16c06e5e, org.springframework.security.web.header.HeaderWriterFilter@237c1056, org.springframework.web.filter.CorsFilter@2dd00b8d, org.springframework.security.web.authentication.logout.LogoutFilter@6a29f807, org.springframework.security.web.savedrequest.RequestCacheAwareFilter@6c655b19, org.springframework.security.web.servletapi.SecurityContextHolderAwareRequestFilter@3979d9e0, org.springframework.security.web.authentication.AnonymousAuthenticationFilter@47383eb, org.springframework.security.web.session.SessionManagementFilter@43ca6713, org.springframework.security.web.access.ExceptionTranslationFilter@746e71ce]
03-11-2021 14:42:28.734 [restartedMain] INFO  o.s.b.d.a.OptionalLiveReloadServer.startServer - LiveReload server is running on port 35729
03-11-2021 14:42:28.828 [restartedMain] INFO  o.a.coyote.http11.Http11NioProtocol.log - Starting ProtocolHandler ["http-nio-1103"]
03-11-2021 14:42:28.844 [restartedMain] INFO  o.s.b.w.e.tomcat.TomcatWebServer.start - Tomcat started on port(s): 1103 (http) with context path ''
03-11-2021 14:42:28.860 [restartedMain] INFO  s.d.s.w.p.DocumentationPluginsBootstrapper.start - Context refreshed
03-11-2021 14:42:28.860 [restartedMain] INFO  s.d.s.w.p.DocumentationPluginsBootstrapper.start - Found 1 custom documentation plugin(s)
03-11-2021 14:42:28.891 [restartedMain] INFO  s.d.s.w.s.ApiListingReferenceScanner.scan - Scanning for api listing references
03-11-2021 14:42:29.019 [restartedMain] INFO  c.h.m.l.LearnSpringApplication.logStarted - Started LearnSpringApplication in 8.637 seconds (JVM running for 9.79)
03-11-2021 14:46:21.660 [SpringApplicationShutdownHook] INFO  o.s.o.j.LocalContainerEntityManagerFactoryBean.destroy - Closing JPA EntityManagerFactory for persistence unit 'default'
03-11-2021 14:46:21.677 [SpringApplicationShutdownHook] INFO  com.zaxxer.hikari.HikariDataSource.close - HikariPool-1 - Shutdown initiated...
03-11-2021 14:46:21.677 [SpringApplicationShutdownHook] INFO  com.zaxxer.hikari.HikariDataSource.close - HikariPool-1 - Shutdown completed.
03-11-2021 14:46:30.273 [restartedMain] INFO  c.h.m.l.LearnSpringApplication.logStarting - Starting LearnSpringApplication using Java 15.0.2 on HungLe with PID 17176 (D:\Mobifone\Spring boot\learn-spring\project\target\classes started by hung2 in D:\Mobifone\Spring boot\learn-spring\project)
03-11-2021 14:46:30.273 [restartedMain] INFO  c.h.m.l.LearnSpringApplication.logStartupProfileInfo - No active profile set, falling back to default profiles: default
03-11-2021 14:46:30.304 [restartedMain] INFO  o.s.b.d.e.DevToolsPropertyDefaultsPostProcessor.logTo - Devtools property defaults active! Set 'spring.devtools.add-properties' to 'false' to disable
03-11-2021 14:46:30.304 [restartedMain] INFO  o.s.b.d.e.DevToolsPropertyDefaultsPostProcessor.logTo - For additional web related logging consider setting the 'logging.level.web' property to 'DEBUG'
03-11-2021 14:46:31.174 [restartedMain] INFO  o.s.d.r.c.RepositoryConfigurationDelegate.registerRepositoriesIn - Bootstrapping Spring Data JPA repositories in DEFAULT mode.
03-11-2021 14:46:31.237 [restartedMain] INFO  o.s.d.r.c.RepositoryConfigurationDelegate.registerRepositoriesIn - Finished Spring Data repository scanning in 50 ms. Found 2 JPA repository interfaces.
03-11-2021 14:46:31.736 [restartedMain] INFO  o.s.b.w.e.tomcat.TomcatWebServer.initialize - Tomcat initialized with port(s): 1103 (http)
03-11-2021 14:46:31.742 [restartedMain] INFO  o.a.coyote.http11.Http11NioProtocol.log - Initializing ProtocolHandler ["http-nio-1103"]
03-11-2021 14:46:31.742 [restartedMain] INFO  o.a.catalina.core.StandardService.log - Starting service [Tomcat]
03-11-2021 14:46:31.742 [restartedMain] INFO  o.a.catalina.core.StandardEngine.log - Starting Servlet engine: [Apache Tomcat/9.0.53]
03-11-2021 14:46:31.821 [restartedMain] INFO  o.a.c.c.C.[Tomcat].[localhost].[/].log - Initializing Spring embedded WebApplicationContext
03-11-2021 14:46:31.821 [restartedMain] INFO  o.s.b.w.s.c.ServletWebServerApplicationContext.prepareWebApplicationContext - Root WebApplicationContext: initialization completed in 1517 ms
03-11-2021 14:46:31.852 [restartedMain] INFO  com.zaxxer.hikari.HikariDataSource.getConnection - HikariPool-1 - Starting...
03-11-2021 14:46:32.178 [restartedMain] INFO  com.zaxxer.hikari.HikariDataSource.getConnection - HikariPool-1 - Start completed.
03-11-2021 14:46:32.178 [restartedMain] INFO  o.s.b.a.h.H2ConsoleAutoConfiguration.lambda$h2Console$0 - H2 console available at '/h2-console'. Database available at 'jdbc:mysql://localhost:3306/projectdb'
03-11-2021 14:46:32.352 [restartedMain] INFO  o.h.jpa.internal.util.LogHelper.logPersistenceUnitInformation - HHH000204: Processing PersistenceUnitInfo [name: default]
03-11-2021 14:46:32.414 [restartedMain] INFO  org.hibernate.Version.logVersion - HHH000412: Hibernate ORM core version 5.4.32.Final
03-11-2021 14:46:32.615 [restartedMain] INFO  o.h.annotations.common.Version.<clinit> - HCANN000001: Hibernate Commons Annotations {5.1.2.Final}
03-11-2021 14:46:32.757 [restartedMain] INFO  org.hibernate.dialect.Dialect.<init> - HHH000400: Using dialect: org.hibernate.dialect.MySQL5Dialect
03-11-2021 14:46:33.293 [restartedMain] INFO  o.h.e.t.j.p.i.JtaPlatformInitiator.initiateService - HHH000490: Using JtaPlatform implementation: [org.hibernate.engine.transaction.jta.platform.internal.NoJtaPlatform]
03-11-2021 14:46:33.308 [restartedMain] INFO  o.s.o.j.LocalContainerEntityManagerFactoryBean.buildNativeEntityManagerFactory - Initialized JPA EntityManagerFactory for persistence unit 'default'
03-11-2021 14:46:33.355 [restartedMain] WARN  o.s.b.a.o.j.JpaBaseConfiguration$JpaWebConfiguration.openEntityManagerInViewInterceptor - spring.jpa.open-in-view is enabled by default. Therefore, database queries may be performed during view rendering. Explicitly configure spring.jpa.open-in-view to disable this warning
03-11-2021 14:46:33.876 [restartedMain] INFO  o.s.b.a.s.s.UserDetailsServiceAutoConfiguration.getOrDeducePassword - 

Using generated security password: 7ddb12a8-391e-45c8-b119-ea0f73e691ec

03-11-2021 14:46:33.940 [restartedMain] INFO  s.d.s.w.PropertySourcedRequestMappingHandlerMapping.initHandlerMethods - Mapped URL path [/v2/api-docs] onto method [springfox.documentation.swagger2.web.Swagger2Controller#getDocumentation(String, HttpServletRequest)]
03-11-2021 14:46:34.017 [restartedMain] INFO  o.s.s.web.DefaultSecurityFilterChain.<init> - Will secure any request with [org.springframework.security.web.context.request.async.WebAsyncManagerIntegrationFilter@67d29d34, org.springframework.security.web.context.SecurityContextPersistenceFilter@13cccd00, org.springframework.security.web.header.HeaderWriterFilter@68de214d, org.springframework.web.filter.CorsFilter@399cd7e9, org.springframework.security.web.authentication.logout.LogoutFilter@26d2104a, org.springframework.security.web.savedrequest.RequestCacheAwareFilter@7eec50e9, org.springframework.security.web.servletapi.SecurityContextHolderAwareRequestFilter@61725c8c, org.springframework.security.web.authentication.AnonymousAuthenticationFilter@35c866a0, org.springframework.security.web.session.SessionManagementFilter@411d65eb, org.springframework.security.web.access.ExceptionTranslationFilter@7a2a241b]
03-11-2021 14:46:34.127 [restartedMain] INFO  o.s.b.d.a.OptionalLiveReloadServer.startServer - LiveReload server is running on port 35729
03-11-2021 14:46:34.222 [restartedMain] INFO  o.a.coyote.http11.Http11NioProtocol.log - Starting ProtocolHandler ["http-nio-1103"]
03-11-2021 14:46:34.253 [restartedMain] INFO  o.s.b.w.e.tomcat.TomcatWebServer.start - Tomcat started on port(s): 1103 (http) with context path ''
03-11-2021 14:46:34.253 [restartedMain] INFO  s.d.s.w.p.DocumentationPluginsBootstrapper.start - Context refreshed
03-11-2021 14:46:34.253 [restartedMain] INFO  s.d.s.w.p.DocumentationPluginsBootstrapper.start - Found 1 custom documentation plugin(s)
03-11-2021 14:46:34.285 [restartedMain] INFO  s.d.s.w.s.ApiListingReferenceScanner.scan - Scanning for api listing references
03-11-2021 14:46:34.410 [restartedMain] INFO  c.h.m.l.LearnSpringApplication.logStarted - Started LearnSpringApplication in 9.069 seconds (JVM running for 10.192)
03-11-2021 14:56:30.751 [SpringApplicationShutdownHook] INFO  o.s.o.j.LocalContainerEntityManagerFactoryBean.destroy - Closing JPA EntityManagerFactory for persistence unit 'default'
03-11-2021 14:56:30.771 [SpringApplicationShutdownHook] INFO  com.zaxxer.hikari.HikariDataSource.close - HikariPool-1 - Shutdown initiated...
03-11-2021 14:56:30.786 [SpringApplicationShutdownHook] INFO  com.zaxxer.hikari.HikariDataSource.close - HikariPool-1 - Shutdown completed.
03-11-2021 14:56:34.900 [restartedMain] INFO  c.h.m.l.LearnSpringApplication.logStarting - Starting LearnSpringApplication using Java 15.0.2 on HungLe with PID 17528 (D:\Mobifone\Spring boot\learn-spring\project\target\classes started by hung2 in D:\Mobifone\Spring boot\learn-spring\project)
03-11-2021 14:56:34.900 [restartedMain] INFO  c.h.m.l.LearnSpringApplication.logStartupProfileInfo - No active profile set, falling back to default profiles: default
03-11-2021 14:56:34.947 [restartedMain] INFO  o.s.b.d.e.DevToolsPropertyDefaultsPostProcessor.logTo - Devtools property defaults active! Set 'spring.devtools.add-properties' to 'false' to disable
03-11-2021 14:56:34.947 [restartedMain] INFO  o.s.b.d.e.DevToolsPropertyDefaultsPostProcessor.logTo - For additional web related logging consider setting the 'logging.level.web' property to 'DEBUG'
03-11-2021 14:56:35.706 [restartedMain] INFO  o.s.d.r.c.RepositoryConfigurationDelegate.registerRepositoriesIn - Bootstrapping Spring Data JPA repositories in DEFAULT mode.
03-11-2021 14:56:35.754 [restartedMain] INFO  o.s.d.r.c.RepositoryConfigurationDelegate.registerRepositoriesIn - Finished Spring Data repository scanning in 44 ms. Found 2 JPA repository interfaces.
03-11-2021 14:56:36.241 [restartedMain] INFO  o.s.b.w.e.tomcat.TomcatWebServer.initialize - Tomcat initialized with port(s): 1103 (http)
03-11-2021 14:56:36.257 [restartedMain] INFO  o.a.coyote.http11.Http11NioProtocol.log - Initializing ProtocolHandler ["http-nio-1103"]
03-11-2021 14:56:36.257 [restartedMain] INFO  o.a.catalina.core.StandardService.log - Starting service [Tomcat]
03-11-2021 14:56:36.263 [restartedMain] INFO  o.a.catalina.core.StandardEngine.log - Starting Servlet engine: [Apache Tomcat/9.0.53]
03-11-2021 14:56:36.351 [restartedMain] INFO  o.a.c.c.C.[Tomcat].[localhost].[/].log - Initializing Spring embedded WebApplicationContext
03-11-2021 14:56:36.351 [restartedMain] INFO  o.s.b.w.s.c.ServletWebServerApplicationContext.prepareWebApplicationContext - Root WebApplicationContext: initialization completed in 1400 ms
03-11-2021 14:56:36.382 [restartedMain] INFO  com.zaxxer.hikari.HikariDataSource.getConnection - HikariPool-1 - Starting...
03-11-2021 14:56:36.702 [restartedMain] INFO  com.zaxxer.hikari.HikariDataSource.getConnection - HikariPool-1 - Start completed.
03-11-2021 14:56:36.721 [restartedMain] INFO  o.s.b.a.h.H2ConsoleAutoConfiguration.lambda$h2Console$0 - H2 console available at '/h2-console'. Database available at 'jdbc:mysql://localhost:3306/projectdb'
03-11-2021 14:56:36.845 [restartedMain] INFO  o.h.jpa.internal.util.LogHelper.logPersistenceUnitInformation - HHH000204: Processing PersistenceUnitInfo [name: default]
03-11-2021 14:56:36.905 [restartedMain] INFO  org.hibernate.Version.logVersion - HHH000412: Hibernate ORM core version 5.4.32.Final
03-11-2021 14:56:37.044 [restartedMain] INFO  o.h.annotations.common.Version.<clinit> - HCANN000001: Hibernate Commons Annotations {5.1.2.Final}
03-11-2021 14:56:37.145 [restartedMain] INFO  org.hibernate.dialect.Dialect.<init> - HHH000400: Using dialect: org.hibernate.dialect.MySQL5Dialect
03-11-2021 14:56:37.549 [restartedMain] INFO  o.h.e.t.j.p.i.JtaPlatformInitiator.initiateService - HHH000490: Using JtaPlatform implementation: [org.hibernate.engine.transaction.jta.platform.internal.NoJtaPlatform]
03-11-2021 14:56:37.563 [restartedMain] INFO  o.s.o.j.LocalContainerEntityManagerFactoryBean.buildNativeEntityManagerFactory - Initialized JPA EntityManagerFactory for persistence unit 'default'
03-11-2021 14:56:37.595 [restartedMain] WARN  o.s.b.a.o.j.JpaBaseConfiguration$JpaWebConfiguration.openEntityManagerInViewInterceptor - spring.jpa.open-in-view is enabled by default. Therefore, database queries may be performed during view rendering. Explicitly configure spring.jpa.open-in-view to disable this warning
03-11-2021 14:56:38.194 [restartedMain] INFO  o.s.b.a.s.s.UserDetailsServiceAutoConfiguration.getOrDeducePassword - 

Using generated security password: e6cfd074-1091-4857-a0a6-289efb72029c

03-11-2021 14:56:38.273 [restartedMain] INFO  s.d.s.w.PropertySourcedRequestMappingHandlerMapping.initHandlerMethods - Mapped URL path [/v2/api-docs] onto method [springfox.documentation.swagger2.web.Swagger2Controller#getDocumentation(String, HttpServletRequest)]
03-11-2021 14:56:38.351 [restartedMain] INFO  o.s.s.web.DefaultSecurityFilterChain.<init> - Will secure any request with [org.springframework.security.web.context.request.async.WebAsyncManagerIntegrationFilter@1880abf4, org.springframework.security.web.context.SecurityContextPersistenceFilter@1f5f10b0, org.springframework.security.web.header.HeaderWriterFilter@6a9d62f, org.springframework.web.filter.CorsFilter@4c5a8151, org.springframework.security.web.authentication.logout.LogoutFilter@270e2dc7, org.springframework.security.web.savedrequest.RequestCacheAwareFilter@28cfdb76, org.springframework.security.web.servletapi.SecurityContextHolderAwareRequestFilter@b0cf07f, org.springframework.security.web.authentication.AnonymousAuthenticationFilter@605c0f12, org.springframework.security.web.session.SessionManagementFilter@4985a021, org.springframework.security.web.access.ExceptionTranslationFilter@1cfaea5f]
03-11-2021 14:56:38.539 [restartedMain] INFO  o.s.b.d.a.OptionalLiveReloadServer.startServer - LiveReload server is running on port 35729
03-11-2021 14:56:38.650 [restartedMain] INFO  o.a.coyote.http11.Http11NioProtocol.log - Starting ProtocolHandler ["http-nio-1103"]
03-11-2021 14:56:38.683 [restartedMain] INFO  o.s.b.w.e.tomcat.TomcatWebServer.start - Tomcat started on port(s): 1103 (http) with context path ''
03-11-2021 14:56:38.686 [restartedMain] INFO  s.d.s.w.p.DocumentationPluginsBootstrapper.start - Context refreshed
03-11-2021 14:56:38.698 [restartedMain] INFO  s.d.s.w.p.DocumentationPluginsBootstrapper.start - Found 1 custom documentation plugin(s)
03-11-2021 14:56:38.730 [restartedMain] INFO  s.d.s.w.s.ApiListingReferenceScanner.scan - Scanning for api listing references
03-11-2021 14:56:38.871 [restartedMain] INFO  c.h.m.l.LearnSpringApplication.logStarted - Started LearnSpringApplication in 4.329 seconds (JVM running for 5.72)
03-11-2021 15:03:36.844 [http-nio-1103-exec-1] INFO  o.a.c.c.C.[Tomcat].[localhost].[/].log - Initializing Spring DispatcherServlet 'dispatcherServlet'
03-11-2021 15:03:36.848 [http-nio-1103-exec-1] INFO  o.s.web.servlet.DispatcherServlet.initServletBean - Initializing Servlet 'dispatcherServlet'
03-11-2021 15:03:36.883 [http-nio-1103-exec-1] INFO  o.s.web.servlet.DispatcherServlet.initServletBean - Completed initialization in 34 ms
03-11-2021 15:03:51.152 [http-nio-1103-exec-3] INFO  c.h.m.l.controller.ProductController.getProductById - INFO: 5
03-11-2021 15:03:53.592 [http-nio-1103-exec-4] INFO  c.h.m.l.controller.ProductController.getProductById - INFO: 5
03-11-2021 15:06:03.417 [http-nio-1103-exec-7] INFO  c.h.m.l.controller.ProductController.deleteExistingProduct - PARAM:1
03-11-2021 15:06:04.629 [http-nio-1103-exec-9] INFO  c.h.m.l.controller.ProductController.deleteExistingProduct - PARAM:1
03-11-2021 15:17:48.989 [SpringApplicationShutdownHook] INFO  o.s.o.j.LocalContainerEntityManagerFactoryBean.destroy - Closing JPA EntityManagerFactory for persistence unit 'default'
03-11-2021 15:17:49.020 [SpringApplicationShutdownHook] INFO  com.zaxxer.hikari.HikariDataSource.close - HikariPool-1 - Shutdown initiated...
03-11-2021 15:17:49.052 [SpringApplicationShutdownHook] INFO  com.zaxxer.hikari.HikariDataSource.close - HikariPool-1 - Shutdown completed.
