08-11-2021 15:05:08.872 [restartedMain] INFO  c.h.m.l.LearnSpringApplication.logStarting - Starting LearnSpringApplication using Java 15.0.2 on HungLe with PID 9008 (D:\Mobifone\Microservice\Project\server1\target\classes started by hung2 in D:\Mobifone\Microservice\Project\server1)
08-11-2021 15:05:08.872 [restartedMain] INFO  c.h.m.l.LearnSpringApplication.logStartupProfileInfo - No active profile set, falling back to default profiles: default
08-11-2021 15:05:08.938 [restartedMain] INFO  o.s.b.d.e.DevToolsPropertyDefaultsPostProcessor.logTo - Devtools property defaults active! Set 'spring.devtools.add-properties' to 'false' to disable
08-11-2021 15:05:08.938 [restartedMain] INFO  o.s.b.d.e.DevToolsPropertyDefaultsPostProcessor.logTo - For additional web related logging consider setting the 'logging.level.web' property to 'DEBUG'
08-11-2021 15:05:09.864 [restartedMain] INFO  o.s.d.r.c.RepositoryConfigurationDelegate.registerRepositoriesIn - Bootstrapping Spring Data JPA repositories in DEFAULT mode.
08-11-2021 15:05:09.927 [restartedMain] INFO  o.s.d.r.c.RepositoryConfigurationDelegate.registerRepositoriesIn - Finished Spring Data repository scanning in 63 ms. Found 2 JPA repository interfaces.
08-11-2021 15:05:10.493 [restartedMain] INFO  o.s.b.w.e.tomcat.TomcatWebServer.initialize - Tomcat initialized with port(s): 1104 (http)
08-11-2021 15:05:10.518 [restartedMain] INFO  o.a.coyote.http11.Http11NioProtocol.log - Initializing ProtocolHandler ["http-nio-1104"]
08-11-2021 15:05:10.519 [restartedMain] INFO  o.a.catalina.core.StandardService.log - Starting service [Tomcat]
08-11-2021 15:05:10.519 [restartedMain] INFO  o.a.catalina.core.StandardEngine.log - Starting Servlet engine: [Apache Tomcat/9.0.53]
08-11-2021 15:05:10.641 [restartedMain] INFO  o.a.c.c.C.[Tomcat].[localhost].[/].log - Initializing Spring embedded WebApplicationContext
08-11-2021 15:05:10.641 [restartedMain] INFO  o.s.b.w.s.c.ServletWebServerApplicationContext.prepareWebApplicationContext - Root WebApplicationContext: initialization completed in 1694 ms
08-11-2021 15:05:10.667 [restartedMain] INFO  com.zaxxer.hikari.HikariDataSource.getConnection - HikariPool-1 - Starting...
08-11-2021 15:05:11.013 [restartedMain] INFO  com.zaxxer.hikari.HikariDataSource.getConnection - HikariPool-1 - Start completed.
08-11-2021 15:05:11.029 [restartedMain] INFO  o.s.b.a.h.H2ConsoleAutoConfiguration.lambda$h2Console$0 - H2 console available at '/h2-console'. Database available at 'jdbc:mysql://localhost:3306/projectdb'
08-11-2021 15:05:11.170 [restartedMain] INFO  o.h.jpa.internal.util.LogHelper.logPersistenceUnitInformation - HHH000204: Processing PersistenceUnitInfo [name: default]
08-11-2021 15:05:11.232 [restartedMain] INFO  org.hibernate.Version.logVersion - HHH000412: Hibernate ORM core version 5.4.32.Final
08-11-2021 15:05:11.373 [restartedMain] INFO  o.h.annotations.common.Version.<clinit> - HCANN000001: Hibernate Commons Annotations {5.1.2.Final}
08-11-2021 15:05:11.484 [restartedMain] INFO  org.hibernate.dialect.Dialect.<init> - HHH000400: Using dialect: org.hibernate.dialect.MySQL5Dialect
08-11-2021 15:05:11.878 [restartedMain] INFO  o.h.e.t.j.p.i.JtaPlatformInitiator.initiateService - HHH000490: Using JtaPlatform implementation: [org.hibernate.engine.transaction.jta.platform.internal.NoJtaPlatform]
08-11-2021 15:05:11.900 [restartedMain] INFO  o.s.o.j.LocalContainerEntityManagerFactoryBean.buildNativeEntityManagerFactory - Initialized JPA EntityManagerFactory for persistence unit 'default'
08-11-2021 15:05:11.940 [restartedMain] WARN  o.s.b.a.o.j.JpaBaseConfiguration$JpaWebConfiguration.openEntityManagerInViewInterceptor - spring.jpa.open-in-view is enabled by default. Therefore, database queries may be performed during view rendering. Explicitly configure spring.jpa.open-in-view to disable this warning
08-11-2021 15:05:12.380 [restartedMain] INFO  o.s.b.a.s.s.UserDetailsServiceAutoConfiguration.getOrDeducePassword - 

Using generated security password: bb8d5be6-c26c-4d46-8528-aa58e5ab82f3

08-11-2021 15:05:12.443 [restartedMain] INFO  s.d.s.w.PropertySourcedRequestMappingHandlerMapping.initHandlerMethods - Mapped URL path [/v2/api-docs] onto method [springfox.documentation.swagger2.web.Swagger2Controller#getDocumentation(String, HttpServletRequest)]
08-11-2021 15:05:12.522 [restartedMain] INFO  o.s.s.web.DefaultSecurityFilterChain.<init> - Will secure any request with [org.springframework.security.web.context.request.async.WebAsyncManagerIntegrationFilter@3b6983f, org.springframework.security.web.context.SecurityContextPersistenceFilter@40921d54, org.springframework.security.web.header.HeaderWriterFilter@3a791673, org.springframework.web.filter.CorsFilter@157379b4, org.springframework.security.web.authentication.logout.LogoutFilter@640c5c92, org.springframework.security.web.savedrequest.RequestCacheAwareFilter@7a346e27, org.springframework.security.web.servletapi.SecurityContextHolderAwareRequestFilter@2b835f32, org.springframework.security.web.authentication.AnonymousAuthenticationFilter@2a8a211c, org.springframework.security.web.session.SessionManagementFilter@7e751823, org.springframework.security.web.access.ExceptionTranslationFilter@19e02de5]
08-11-2021 15:05:12.601 [restartedMain] WARN  o.s.b.d.a.OptionalLiveReloadServer.startServer - Unable to start LiveReload server
08-11-2021 15:05:12.695 [restartedMain] INFO  o.a.coyote.http11.Http11NioProtocol.log - Starting ProtocolHandler ["http-nio-1104"]
08-11-2021 15:05:12.727 [restartedMain] INFO  o.s.b.w.e.tomcat.TomcatWebServer.start - Tomcat started on port(s): 1104 (http) with context path ''
08-11-2021 15:05:12.733 [restartedMain] INFO  s.d.s.w.p.DocumentationPluginsBootstrapper.start - Context refreshed
08-11-2021 15:05:12.745 [restartedMain] INFO  s.d.s.w.p.DocumentationPluginsBootstrapper.start - Found 1 custom documentation plugin(s)
08-11-2021 15:05:12.773 [restartedMain] INFO  s.d.s.w.s.ApiListingReferenceScanner.scan - Scanning for api listing references
08-11-2021 15:05:12.899 [restartedMain] INFO  c.h.m.l.LearnSpringApplication.logStarted - Started LearnSpringApplication in 4.378 seconds (JVM running for 5.902)
08-11-2021 15:17:06.615 [http-nio-1104-exec-1] INFO  o.a.c.c.C.[Tomcat].[localhost].[/].log - Initializing Spring DispatcherServlet 'dispatcherServlet'
08-11-2021 15:17:06.628 [http-nio-1104-exec-1] INFO  o.s.web.servlet.DispatcherServlet.initServletBean - Initializing Servlet 'dispatcherServlet'
08-11-2021 15:17:06.709 [http-nio-1104-exec-1] INFO  o.s.web.servlet.DispatcherServlet.initServletBean - Completed initialization in 81 ms
08-11-2021 15:20:16.998 [SpringApplicationShutdownHook] INFO  o.s.o.j.LocalContainerEntityManagerFactoryBean.destroy - Closing JPA EntityManagerFactory for persistence unit 'default'
08-11-2021 15:20:17.014 [SpringApplicationShutdownHook] INFO  com.zaxxer.hikari.HikariDataSource.close - HikariPool-1 - Shutdown initiated...
08-11-2021 15:20:17.045 [SpringApplicationShutdownHook] INFO  com.zaxxer.hikari.HikariDataSource.close - HikariPool-1 - Shutdown completed.
08-11-2021 15:22:33.543 [restartedMain] INFO  c.h.m.l.LearnSpringApplication.logStarting - Starting LearnSpringApplication using Java 15.0.2 on HungLe with PID 3220 (D:\Mobifone\Microservice\Project\server1\target\classes started by hung2 in D:\Mobifone\Microservice\Project\server1)
08-11-2021 15:22:33.559 [restartedMain] INFO  c.h.m.l.LearnSpringApplication.logStartupProfileInfo - No active profile set, falling back to default profiles: default
08-11-2021 15:22:33.615 [restartedMain] INFO  o.s.b.d.e.DevToolsPropertyDefaultsPostProcessor.logTo - Devtools property defaults active! Set 'spring.devtools.add-properties' to 'false' to disable
08-11-2021 15:22:33.615 [restartedMain] INFO  o.s.b.d.e.DevToolsPropertyDefaultsPostProcessor.logTo - For additional web related logging consider setting the 'logging.level.web' property to 'DEBUG'
08-11-2021 15:22:34.858 [restartedMain] INFO  o.s.d.r.c.RepositoryConfigurationDelegate.registerRepositoriesIn - Bootstrapping Spring Data JPA repositories in DEFAULT mode.
08-11-2021 15:22:34.906 [restartedMain] INFO  o.s.d.r.c.RepositoryConfigurationDelegate.registerRepositoriesIn - Finished Spring Data repository scanning in 49 ms. Found 2 JPA repository interfaces.
08-11-2021 15:22:35.720 [restartedMain] INFO  o.s.b.w.e.tomcat.TomcatWebServer.initialize - Tomcat initialized with port(s): 1104 (http)
08-11-2021 15:22:35.736 [restartedMain] INFO  o.a.coyote.http11.Http11NioProtocol.log - Initializing ProtocolHandler ["http-nio-1104"]
08-11-2021 15:22:35.745 [restartedMain] INFO  o.a.catalina.core.StandardService.log - Starting service [Tomcat]
08-11-2021 15:22:35.746 [restartedMain] INFO  o.a.catalina.core.StandardEngine.log - Starting Servlet engine: [Apache Tomcat/9.0.53]
08-11-2021 15:22:35.862 [restartedMain] INFO  o.a.c.c.C.[Tomcat].[localhost].[/].log - Initializing Spring embedded WebApplicationContext
08-11-2021 15:22:35.862 [restartedMain] INFO  o.s.b.w.s.c.ServletWebServerApplicationContext.prepareWebApplicationContext - Root WebApplicationContext: initialization completed in 2245 ms
08-11-2021 15:22:35.902 [restartedMain] INFO  com.zaxxer.hikari.HikariDataSource.getConnection - HikariPool-1 - Starting...
08-11-2021 15:22:36.339 [restartedMain] INFO  com.zaxxer.hikari.HikariDataSource.getConnection - HikariPool-1 - Start completed.
08-11-2021 15:22:36.356 [restartedMain] INFO  o.s.b.a.h.H2ConsoleAutoConfiguration.lambda$h2Console$0 - H2 console available at '/h2-console'. Database available at 'jdbc:mysql://localhost:3306/projectdb'
08-11-2021 15:22:36.544 [restartedMain] INFO  o.h.jpa.internal.util.LogHelper.logPersistenceUnitInformation - HHH000204: Processing PersistenceUnitInfo [name: default]
08-11-2021 15:22:36.607 [restartedMain] INFO  org.hibernate.Version.logVersion - HHH000412: Hibernate ORM core version 5.4.32.Final
08-11-2021 15:22:36.846 [restartedMain] INFO  o.h.annotations.common.Version.<clinit> - HCANN000001: Hibernate Commons Annotations {5.1.2.Final}
08-11-2021 15:22:37.010 [restartedMain] INFO  org.hibernate.dialect.Dialect.<init> - HHH000400: Using dialect: org.hibernate.dialect.MySQL5Dialect
08-11-2021 15:22:37.757 [restartedMain] INFO  o.h.e.t.j.p.i.JtaPlatformInitiator.initiateService - HHH000490: Using JtaPlatform implementation: [org.hibernate.engine.transaction.jta.platform.internal.NoJtaPlatform]
08-11-2021 15:22:37.777 [restartedMain] INFO  o.s.o.j.LocalContainerEntityManagerFactoryBean.buildNativeEntityManagerFactory - Initialized JPA EntityManagerFactory for persistence unit 'default'
08-11-2021 15:22:37.835 [restartedMain] WARN  o.s.b.a.o.j.JpaBaseConfiguration$JpaWebConfiguration.openEntityManagerInViewInterceptor - spring.jpa.open-in-view is enabled by default. Therefore, database queries may be performed during view rendering. Explicitly configure spring.jpa.open-in-view to disable this warning
08-11-2021 15:22:38.591 [restartedMain] INFO  o.s.b.a.s.s.UserDetailsServiceAutoConfiguration.getOrDeducePassword - 

Using generated security password: 72350c19-2a39-485e-aece-9985d5e0caa7

08-11-2021 15:22:38.683 [restartedMain] INFO  s.d.s.w.PropertySourcedRequestMappingHandlerMapping.initHandlerMethods - Mapped URL path [/v2/api-docs] onto method [springfox.documentation.swagger2.web.Swagger2Controller#getDocumentation(String, HttpServletRequest)]
08-11-2021 15:22:38.815 [restartedMain] INFO  o.s.s.web.DefaultSecurityFilterChain.<init> - Will secure any request with [org.springframework.security.web.context.request.async.WebAsyncManagerIntegrationFilter@46154637, org.springframework.security.web.context.SecurityContextPersistenceFilter@25ca0ca5, org.springframework.security.web.header.HeaderWriterFilter@494b9cc6, org.springframework.web.filter.CorsFilter@704f4327, org.springframework.security.web.authentication.logout.LogoutFilter@68a8dc05, org.springframework.security.web.savedrequest.RequestCacheAwareFilter@1ad9edfc, org.springframework.security.web.servletapi.SecurityContextHolderAwareRequestFilter@4735243e, org.springframework.security.web.authentication.AnonymousAuthenticationFilter@2539e047, org.springframework.security.web.session.SessionManagementFilter@50e6c69b, org.springframework.security.web.access.ExceptionTranslationFilter@2ef2cf0b]
08-11-2021 15:22:38.943 [restartedMain] WARN  o.s.b.d.a.OptionalLiveReloadServer.startServer - Unable to start LiveReload server
08-11-2021 15:22:39.127 [restartedMain] INFO  o.a.coyote.http11.Http11NioProtocol.log - Starting ProtocolHandler ["http-nio-1104"]
08-11-2021 15:22:39.162 [restartedMain] INFO  o.s.b.w.e.tomcat.TomcatWebServer.start - Tomcat started on port(s): 1104 (http) with context path ''
08-11-2021 15:22:39.164 [restartedMain] INFO  s.d.s.w.p.DocumentationPluginsBootstrapper.start - Context refreshed
08-11-2021 15:22:39.190 [restartedMain] INFO  s.d.s.w.p.DocumentationPluginsBootstrapper.start - Found 1 custom documentation plugin(s)
08-11-2021 15:22:39.235 [restartedMain] INFO  s.d.s.w.s.ApiListingReferenceScanner.scan - Scanning for api listing references
08-11-2021 15:22:39.480 [restartedMain] INFO  c.h.m.l.LearnSpringApplication.logStarted - Started LearnSpringApplication in 6.28 seconds (JVM running for 7.721)
08-11-2021 15:23:47.084 [http-nio-1104-exec-1] INFO  o.a.c.c.C.[Tomcat].[localhost].[/].log - Initializing Spring DispatcherServlet 'dispatcherServlet'
08-11-2021 15:23:47.085 [http-nio-1104-exec-1] INFO  o.s.web.servlet.DispatcherServlet.initServletBean - Initializing Servlet 'dispatcherServlet'
08-11-2021 15:23:47.088 [http-nio-1104-exec-1] INFO  o.s.web.servlet.DispatcherServlet.initServletBean - Completed initialization in 3 ms
08-11-2021 15:23:54.725 [http-nio-1104-exec-4] INFO  c.h.m.l.controller.UserController.findUserById - PARAM: 3
08-11-2021 15:23:56.277 [http-nio-1104-exec-1] INFO  c.h.m.l.controller.UserController.findUserById - PARAM: 3
08-11-2021 15:29:05.138 [SpringApplicationShutdownHook] INFO  o.s.o.j.LocalContainerEntityManagerFactoryBean.destroy - Closing JPA EntityManagerFactory for persistence unit 'default'
08-11-2021 15:29:05.154 [SpringApplicationShutdownHook] INFO  com.zaxxer.hikari.HikariDataSource.close - HikariPool-1 - Shutdown initiated...
08-11-2021 15:29:05.170 [SpringApplicationShutdownHook] INFO  com.zaxxer.hikari.HikariDataSource.close - HikariPool-1 - Shutdown completed.
08-11-2021 15:33:06.952 [restartedMain] INFO  c.h.m.l.LearnSpringApplication.logStarting - Starting LearnSpringApplication using Java 15.0.2 on HungLe with PID 1388 (D:\Mobifone\Microservice\Project\server1\target\classes started by hung2 in D:\Mobifone\Microservice\Project\server1)
08-11-2021 15:33:06.999 [restartedMain] INFO  c.h.m.l.LearnSpringApplication.logStartupProfileInfo - No active profile set, falling back to default profiles: default
08-11-2021 15:33:07.047 [restartedMain] INFO  o.s.b.d.e.DevToolsPropertyDefaultsPostProcessor.logTo - Devtools property defaults active! Set 'spring.devtools.add-properties' to 'false' to disable
08-11-2021 15:33:07.047 [restartedMain] INFO  o.s.b.d.e.DevToolsPropertyDefaultsPostProcessor.logTo - For additional web related logging consider setting the 'logging.level.web' property to 'DEBUG'
08-11-2021 15:33:07.944 [restartedMain] INFO  o.s.d.r.c.RepositoryConfigurationDelegate.registerRepositoriesIn - Bootstrapping Spring Data JPA repositories in DEFAULT mode.
08-11-2021 15:33:08.091 [restartedMain] INFO  o.s.d.r.c.RepositoryConfigurationDelegate.registerRepositoriesIn - Finished Spring Data repository scanning in 149 ms. Found 2 JPA repository interfaces.
08-11-2021 15:33:08.611 [restartedMain] INFO  o.s.b.w.e.tomcat.TomcatWebServer.initialize - Tomcat initialized with port(s): 1104 (http)
08-11-2021 15:33:08.615 [restartedMain] INFO  o.a.coyote.http11.Http11NioProtocol.log - Initializing ProtocolHandler ["http-nio-1104"]
08-11-2021 15:33:08.615 [restartedMain] INFO  o.a.catalina.core.StandardService.log - Starting service [Tomcat]
08-11-2021 15:33:08.623 [restartedMain] INFO  o.a.catalina.core.StandardEngine.log - Starting Servlet engine: [Apache Tomcat/9.0.53]
08-11-2021 15:33:08.707 [restartedMain] INFO  o.a.c.c.C.[Tomcat].[localhost].[/].log - Initializing Spring embedded WebApplicationContext
08-11-2021 15:33:08.707 [restartedMain] INFO  o.s.b.w.s.c.ServletWebServerApplicationContext.prepareWebApplicationContext - Root WebApplicationContext: initialization completed in 1654 ms
08-11-2021 15:33:08.738 [restartedMain] INFO  com.zaxxer.hikari.HikariDataSource.getConnection - HikariPool-1 - Starting...
08-11-2021 15:33:09.051 [restartedMain] INFO  com.zaxxer.hikari.HikariDataSource.getConnection - HikariPool-1 - Start completed.
08-11-2021 15:33:09.060 [restartedMain] INFO  o.s.b.a.h.H2ConsoleAutoConfiguration.lambda$h2Console$0 - H2 console available at '/h2-console'. Database available at 'jdbc:mysql://localhost:3306/projectdb'
08-11-2021 15:33:09.192 [restartedMain] INFO  o.h.jpa.internal.util.LogHelper.logPersistenceUnitInformation - HHH000204: Processing PersistenceUnitInfo [name: default]
08-11-2021 15:33:09.255 [restartedMain] INFO  org.hibernate.Version.logVersion - HHH000412: Hibernate ORM core version 5.4.32.Final
08-11-2021 15:33:09.386 [restartedMain] INFO  o.h.annotations.common.Version.<clinit> - HCANN000001: Hibernate Commons Annotations {5.1.2.Final}
08-11-2021 15:33:09.476 [restartedMain] INFO  org.hibernate.dialect.Dialect.<init> - HHH000400: Using dialect: org.hibernate.dialect.MySQL5Dialect
08-11-2021 15:33:09.887 [restartedMain] INFO  o.h.e.t.j.p.i.JtaPlatformInitiator.initiateService - HHH000490: Using JtaPlatform implementation: [org.hibernate.engine.transaction.jta.platform.internal.NoJtaPlatform]
08-11-2021 15:33:09.889 [restartedMain] INFO  o.s.o.j.LocalContainerEntityManagerFactoryBean.buildNativeEntityManagerFactory - Initialized JPA EntityManagerFactory for persistence unit 'default'
08-11-2021 15:33:09.932 [restartedMain] WARN  o.s.b.a.o.j.JpaBaseConfiguration$JpaWebConfiguration.openEntityManagerInViewInterceptor - spring.jpa.open-in-view is enabled by default. Therefore, database queries may be performed during view rendering. Explicitly configure spring.jpa.open-in-view to disable this warning
08-11-2021 15:33:10.403 [restartedMain] INFO  o.s.b.a.s.s.UserDetailsServiceAutoConfiguration.getOrDeducePassword - 

Using generated security password: c70a8e10-2a86-4eb0-8759-ee134dc214cd

08-11-2021 15:33:10.467 [restartedMain] INFO  s.d.s.w.PropertySourcedRequestMappingHandlerMapping.initHandlerMethods - Mapped URL path [/v2/api-docs] onto method [springfox.documentation.swagger2.web.Swagger2Controller#getDocumentation(String, HttpServletRequest)]
08-11-2021 15:33:10.535 [restartedMain] INFO  o.s.s.web.DefaultSecurityFilterChain.<init> - Will secure any request with [org.springframework.security.web.context.request.async.WebAsyncManagerIntegrationFilter@77581d6c, org.springframework.security.web.context.SecurityContextPersistenceFilter@72a0f407, org.springframework.security.web.header.HeaderWriterFilter@4d09ec22, org.springframework.web.filter.CorsFilter@23c849a9, org.springframework.security.web.authentication.logout.LogoutFilter@741322d7, org.springframework.security.web.savedrequest.RequestCacheAwareFilter@67f704fd, org.springframework.security.web.servletapi.SecurityContextHolderAwareRequestFilter@6be1efee, org.springframework.security.web.authentication.AnonymousAuthenticationFilter@701d8ee4, org.springframework.security.web.session.SessionManagementFilter@53d32d4a, org.springframework.security.web.access.ExceptionTranslationFilter@56f86003]
08-11-2021 15:33:10.614 [restartedMain] WARN  o.s.b.d.a.OptionalLiveReloadServer.startServer - Unable to start LiveReload server
08-11-2021 15:33:10.725 [restartedMain] INFO  o.a.coyote.http11.Http11NioProtocol.log - Starting ProtocolHandler ["http-nio-1104"]
08-11-2021 15:33:10.756 [restartedMain] INFO  o.s.b.w.e.tomcat.TomcatWebServer.start - Tomcat started on port(s): 1104 (http) with context path ''
08-11-2021 15:33:10.769 [restartedMain] INFO  s.d.s.w.p.DocumentationPluginsBootstrapper.start - Context refreshed
08-11-2021 15:33:10.782 [restartedMain] INFO  s.d.s.w.p.DocumentationPluginsBootstrapper.start - Found 1 custom documentation plugin(s)
08-11-2021 15:33:10.804 [restartedMain] INFO  s.d.s.w.s.ApiListingReferenceScanner.scan - Scanning for api listing references
08-11-2021 15:33:10.930 [restartedMain] INFO  c.h.m.l.LearnSpringApplication.logStarted - Started LearnSpringApplication in 4.308 seconds (JVM running for 5.747)
08-11-2021 15:35:56.174 [SpringApplicationShutdownHook] INFO  o.s.o.j.LocalContainerEntityManagerFactoryBean.destroy - Closing JPA EntityManagerFactory for persistence unit 'default'
08-11-2021 15:35:56.583 [SpringApplicationShutdownHook] INFO  com.zaxxer.hikari.HikariDataSource.close - HikariPool-1 - Shutdown initiated...
08-11-2021 15:35:56.633 [SpringApplicationShutdownHook] INFO  com.zaxxer.hikari.HikariDataSource.close - HikariPool-1 - Shutdown completed.
08-11-2021 15:36:02.176 [restartedMain] INFO  c.h.m.l.LearnSpringApplication.logStarting - Starting LearnSpringApplication using Java 15.0.2 on HungLe with PID 6212 (D:\Mobifone\Microservice\Project\server1\target\classes started by hung2 in D:\Mobifone\Microservice\Project\server1)
08-11-2021 15:36:02.176 [restartedMain] INFO  c.h.m.l.LearnSpringApplication.logStartupProfileInfo - No active profile set, falling back to default profiles: default
08-11-2021 15:36:02.207 [restartedMain] INFO  o.s.b.d.e.DevToolsPropertyDefaultsPostProcessor.logTo - Devtools property defaults active! Set 'spring.devtools.add-properties' to 'false' to disable
08-11-2021 15:36:02.207 [restartedMain] INFO  o.s.b.d.e.DevToolsPropertyDefaultsPostProcessor.logTo - For additional web related logging consider setting the 'logging.level.web' property to 'DEBUG'
08-11-2021 15:36:03.233 [restartedMain] INFO  o.s.d.r.c.RepositoryConfigurationDelegate.registerRepositoriesIn - Bootstrapping Spring Data JPA repositories in DEFAULT mode.
08-11-2021 15:36:03.296 [restartedMain] INFO  o.s.d.r.c.RepositoryConfigurationDelegate.registerRepositoriesIn - Finished Spring Data repository scanning in 59 ms. Found 2 JPA repository interfaces.
08-11-2021 15:36:03.807 [restartedMain] INFO  o.s.b.w.e.tomcat.TomcatWebServer.initialize - Tomcat initialized with port(s): 1104 (http)
08-11-2021 15:36:03.807 [restartedMain] INFO  o.a.coyote.http11.Http11NioProtocol.log - Initializing ProtocolHandler ["http-nio-1104"]
08-11-2021 15:36:03.807 [restartedMain] INFO  o.a.catalina.core.StandardService.log - Starting service [Tomcat]
08-11-2021 15:36:03.807 [restartedMain] INFO  o.a.catalina.core.StandardEngine.log - Starting Servlet engine: [Apache Tomcat/9.0.53]
08-11-2021 15:36:03.900 [restartedMain] INFO  o.a.c.c.C.[Tomcat].[localhost].[/].log - Initializing Spring embedded WebApplicationContext
08-11-2021 15:36:03.900 [restartedMain] INFO  o.s.b.w.s.c.ServletWebServerApplicationContext.prepareWebApplicationContext - Root WebApplicationContext: initialization completed in 1693 ms
08-11-2021 15:36:03.932 [restartedMain] INFO  com.zaxxer.hikari.HikariDataSource.getConnection - HikariPool-1 - Starting...
08-11-2021 15:36:04.261 [restartedMain] INFO  com.zaxxer.hikari.HikariDataSource.getConnection - HikariPool-1 - Start completed.
08-11-2021 15:36:04.261 [restartedMain] INFO  o.s.b.a.h.H2ConsoleAutoConfiguration.lambda$h2Console$0 - H2 console available at '/h2-console'. Database available at 'jdbc:mysql://localhost:3306/projectdb'
08-11-2021 15:36:04.380 [restartedMain] INFO  o.h.jpa.internal.util.LogHelper.logPersistenceUnitInformation - HHH000204: Processing PersistenceUnitInfo [name: default]
08-11-2021 15:36:04.442 [restartedMain] INFO  org.hibernate.Version.logVersion - HHH000412: Hibernate ORM core version 5.4.32.Final
08-11-2021 15:36:04.586 [restartedMain] INFO  o.h.annotations.common.Version.<clinit> - HCANN000001: Hibernate Commons Annotations {5.1.2.Final}
08-11-2021 15:36:04.666 [restartedMain] INFO  org.hibernate.dialect.Dialect.<init> - HHH000400: Using dialect: org.hibernate.dialect.MySQL5Dialect
08-11-2021 15:36:05.079 [restartedMain] INFO  o.h.e.t.j.p.i.JtaPlatformInitiator.initiateService - HHH000490: Using JtaPlatform implementation: [org.hibernate.engine.transaction.jta.platform.internal.NoJtaPlatform]
08-11-2021 15:36:05.079 [restartedMain] INFO  o.s.o.j.LocalContainerEntityManagerFactoryBean.buildNativeEntityManagerFactory - Initialized JPA EntityManagerFactory for persistence unit 'default'
08-11-2021 15:36:05.121 [restartedMain] WARN  o.s.b.a.o.j.JpaBaseConfiguration$JpaWebConfiguration.openEntityManagerInViewInterceptor - spring.jpa.open-in-view is enabled by default. Therefore, database queries may be performed during view rendering. Explicitly configure spring.jpa.open-in-view to disable this warning
08-11-2021 15:36:05.610 [restartedMain] INFO  o.s.b.a.s.s.UserDetailsServiceAutoConfiguration.getOrDeducePassword - 

Using generated security password: 92f5320b-a9b3-45f6-bdd7-3678c4a64869

08-11-2021 15:36:05.674 [restartedMain] INFO  s.d.s.w.PropertySourcedRequestMappingHandlerMapping.initHandlerMethods - Mapped URL path [/v2/api-docs] onto method [springfox.documentation.swagger2.web.Swagger2Controller#getDocumentation(String, HttpServletRequest)]
08-11-2021 15:36:05.768 [restartedMain] INFO  o.s.s.web.DefaultSecurityFilterChain.<init> - Will secure any request with [org.springframework.security.web.context.request.async.WebAsyncManagerIntegrationFilter@2b8a2332, org.springframework.security.web.context.SecurityContextPersistenceFilter@73b251d3, org.springframework.security.web.header.HeaderWriterFilter@507a059e, org.springframework.web.filter.CorsFilter@71cbffb, org.springframework.security.web.authentication.logout.LogoutFilter@41cbdb92, org.springframework.security.web.savedrequest.RequestCacheAwareFilter@22d289ae, org.springframework.security.web.servletapi.SecurityContextHolderAwareRequestFilter@78a4ec3d, org.springframework.security.web.authentication.AnonymousAuthenticationFilter@21b3af86, org.springframework.security.web.session.SessionManagementFilter@47623778, org.springframework.security.web.access.ExceptionTranslationFilter@2c6e322f]
08-11-2021 15:36:05.847 [restartedMain] WARN  o.s.b.d.a.OptionalLiveReloadServer.startServer - Unable to start LiveReload server
08-11-2021 15:36:05.941 [restartedMain] INFO  o.a.coyote.http11.Http11NioProtocol.log - Starting ProtocolHandler ["http-nio-1104"]
08-11-2021 15:36:05.957 [restartedMain] INFO  o.s.b.w.e.tomcat.TomcatWebServer.start - Tomcat started on port(s): 1104 (http) with context path ''
08-11-2021 15:36:05.972 [restartedMain] INFO  s.d.s.w.p.DocumentationPluginsBootstrapper.start - Context refreshed
08-11-2021 15:36:05.989 [restartedMain] INFO  s.d.s.w.p.DocumentationPluginsBootstrapper.start - Found 1 custom documentation plugin(s)
08-11-2021 15:36:06.004 [restartedMain] INFO  s.d.s.w.s.ApiListingReferenceScanner.scan - Scanning for api listing references
08-11-2021 15:36:06.145 [restartedMain] INFO  c.h.m.l.LearnSpringApplication.logStarted - Started LearnSpringApplication in 5.905 seconds (JVM running for 7.311)
08-11-2021 15:37:29.022 [SpringApplicationShutdownHook] INFO  o.s.o.j.LocalContainerEntityManagerFactoryBean.destroy - Closing JPA EntityManagerFactory for persistence unit 'default'
08-11-2021 15:37:29.038 [SpringApplicationShutdownHook] INFO  com.zaxxer.hikari.HikariDataSource.close - HikariPool-1 - Shutdown initiated...
08-11-2021 15:37:29.038 [SpringApplicationShutdownHook] INFO  com.zaxxer.hikari.HikariDataSource.close - HikariPool-1 - Shutdown completed.
08-11-2021 16:44:59.585 [restartedMain] INFO  c.h.m.l.LearnSpringApplication.logStarting - Starting LearnSpringApplication using Java 15.0.2 on HungLe with PID 19432 (D:\Mobifone\Microservice\Project\server1\target\classes started by hung2 in D:\Mobifone\Microservice\Project\server1)
08-11-2021 16:44:59.679 [restartedMain] INFO  c.h.m.l.LearnSpringApplication.logStartupProfileInfo - No active profile set, falling back to default profiles: default
08-11-2021 16:44:59.740 [restartedMain] INFO  o.s.b.d.e.DevToolsPropertyDefaultsPostProcessor.logTo - Devtools property defaults active! Set 'spring.devtools.add-properties' to 'false' to disable
08-11-2021 16:44:59.740 [restartedMain] INFO  o.s.b.d.e.DevToolsPropertyDefaultsPostProcessor.logTo - For additional web related logging consider setting the 'logging.level.web' property to 'DEBUG'
08-11-2021 16:45:00.913 [restartedMain] INFO  o.s.d.r.c.RepositoryConfigurationDelegate.registerRepositoriesIn - Bootstrapping Spring Data JPA repositories in DEFAULT mode.
08-11-2021 16:45:00.975 [restartedMain] INFO  o.s.d.r.c.RepositoryConfigurationDelegate.registerRepositoriesIn - Finished Spring Data repository scanning in 52 ms. Found 2 JPA repository interfaces.
08-11-2021 16:45:01.683 [restartedMain] INFO  o.s.b.w.e.tomcat.TomcatWebServer.initialize - Tomcat initialized with port(s): 1104 (http)
08-11-2021 16:45:01.692 [restartedMain] INFO  o.a.coyote.http11.Http11NioProtocol.log - Initializing ProtocolHandler ["http-nio-1104"]
08-11-2021 16:45:01.693 [restartedMain] INFO  o.a.catalina.core.StandardService.log - Starting service [Tomcat]
08-11-2021 16:45:01.694 [restartedMain] INFO  o.a.catalina.core.StandardEngine.log - Starting Servlet engine: [Apache Tomcat/9.0.53]
08-11-2021 16:45:01.792 [restartedMain] INFO  o.a.c.c.C.[Tomcat].[localhost].[/].log - Initializing Spring embedded WebApplicationContext
08-11-2021 16:45:01.792 [restartedMain] INFO  o.s.b.w.s.c.ServletWebServerApplicationContext.prepareWebApplicationContext - Root WebApplicationContext: initialization completed in 2049 ms
08-11-2021 16:45:01.824 [restartedMain] INFO  com.zaxxer.hikari.HikariDataSource.getConnection - HikariPool-1 - Starting...
08-11-2021 16:45:02.154 [restartedMain] INFO  com.zaxxer.hikari.HikariDataSource.getConnection - HikariPool-1 - Start completed.
08-11-2021 16:45:02.168 [restartedMain] INFO  o.s.b.a.h.H2ConsoleAutoConfiguration.lambda$h2Console$0 - H2 console available at '/h2-console'. Database available at 'jdbc:mysql://localhost:3306/projectdb'
08-11-2021 16:45:02.342 [restartedMain] INFO  o.h.jpa.internal.util.LogHelper.logPersistenceUnitInformation - HHH000204: Processing PersistenceUnitInfo [name: default]
08-11-2021 16:45:02.412 [restartedMain] INFO  org.hibernate.Version.logVersion - HHH000412: Hibernate ORM core version 5.4.32.Final
08-11-2021 16:45:02.586 [restartedMain] INFO  o.h.annotations.common.Version.<clinit> - HCANN000001: Hibernate Commons Annotations {5.1.2.Final}
08-11-2021 16:45:02.696 [restartedMain] INFO  org.hibernate.dialect.Dialect.<init> - HHH000400: Using dialect: org.hibernate.dialect.MySQL5Dialect
08-11-2021 16:45:03.293 [restartedMain] INFO  o.h.e.t.j.p.i.JtaPlatformInitiator.initiateService - HHH000490: Using JtaPlatform implementation: [org.hibernate.engine.transaction.jta.platform.internal.NoJtaPlatform]
08-11-2021 16:45:03.310 [restartedMain] INFO  o.s.o.j.LocalContainerEntityManagerFactoryBean.buildNativeEntityManagerFactory - Initialized JPA EntityManagerFactory for persistence unit 'default'
08-11-2021 16:45:03.372 [restartedMain] WARN  o.s.b.a.o.j.JpaBaseConfiguration$JpaWebConfiguration.openEntityManagerInViewInterceptor - spring.jpa.open-in-view is enabled by default. Therefore, database queries may be performed during view rendering. Explicitly configure spring.jpa.open-in-view to disable this warning
08-11-2021 16:45:03.970 [restartedMain] INFO  o.s.b.a.s.s.UserDetailsServiceAutoConfiguration.getOrDeducePassword - 

Using generated security password: 4ece2185-f661-418f-be74-b411270f8917

08-11-2021 16:45:04.049 [restartedMain] INFO  s.d.s.w.PropertySourcedRequestMappingHandlerMapping.initHandlerMethods - Mapped URL path [/v2/api-docs] onto method [springfox.documentation.swagger2.web.Swagger2Controller#getDocumentation(String, HttpServletRequest)]
08-11-2021 16:45:04.127 [restartedMain] INFO  o.s.s.web.DefaultSecurityFilterChain.<init> - Will secure any request with [org.springframework.security.web.context.request.async.WebAsyncManagerIntegrationFilter@75dd9cad, org.springframework.security.web.context.SecurityContextPersistenceFilter@3a791673, org.springframework.security.web.header.HeaderWriterFilter@494116df, org.springframework.web.filter.CorsFilter@2bbd0ba3, org.springframework.security.web.authentication.logout.LogoutFilter@458cecd8, org.springframework.security.web.savedrequest.RequestCacheAwareFilter@6cabd548, org.springframework.security.web.servletapi.SecurityContextHolderAwareRequestFilter@c4d781, org.springframework.security.web.authentication.AnonymousAuthenticationFilter@5ec20846, org.springframework.security.web.session.SessionManagementFilter@8b00f0, org.springframework.security.web.access.ExceptionTranslationFilter@731214a5]
08-11-2021 16:45:04.206 [restartedMain] WARN  o.s.b.d.a.OptionalLiveReloadServer.startServer - Unable to start LiveReload server
08-11-2021 16:45:04.316 [restartedMain] INFO  o.a.coyote.http11.Http11NioProtocol.log - Starting ProtocolHandler ["http-nio-1104"]
08-11-2021 16:45:04.332 [restartedMain] INFO  o.s.b.w.e.tomcat.TomcatWebServer.start - Tomcat started on port(s): 1104 (http) with context path ''
08-11-2021 16:45:04.344 [restartedMain] INFO  s.d.s.w.p.DocumentationPluginsBootstrapper.start - Context refreshed
08-11-2021 16:45:04.363 [restartedMain] INFO  s.d.s.w.p.DocumentationPluginsBootstrapper.start - Found 1 custom documentation plugin(s)
08-11-2021 16:45:04.379 [restartedMain] INFO  s.d.s.w.s.ApiListingReferenceScanner.scan - Scanning for api listing references
08-11-2021 16:45:04.521 [restartedMain] INFO  c.h.m.l.LearnSpringApplication.logStarted - Started LearnSpringApplication in 5.303 seconds (JVM running for 6.961)
08-11-2021 17:56:27.358 [HikariPool-1 housekeeper] WARN  com.zaxxer.hikari.pool.HikariPool.run - HikariPool-1 - Thread starvation or clock leap detected (housekeeper delta=15m22s981ms318µs401ns).
